<?xml version="1.0" encoding="UTF-8"?>
<testsuite xmlns:xsi="http://www.w3.org/2001/XMLSchema-instance" xsi:noNamespaceSchemaLocation="https://maven.apache.org/surefire/maven-surefire-plugin/xsd/surefire-test-report.xsd" name="com.example.demo.DemoApplicationTests" time="3.023" tests="1" errors="1" skipped="0" failures="0">
  <properties>
    <property name="sun.desktop" value="windows"/>
    <property name="awt.toolkit" value="sun.awt.windows.WToolkit"/>
    <property name="file.encoding.pkg" value="sun.io"/>
    <property name="java.specification.version" value="1.8"/>
    <property name="sun.cpu.isalist" value="pentium_pro+mmx pentium_pro pentium+mmx pentium i486 i386 i86"/>
    <property name="sun.jnu.encoding" value="Cp1252"/>
    <property name="java.class.path" value="C:\1.TeleColumbus\demo\demo\target\test-classes;C:\1.TeleColumbus\demo\demo\target\classes;C:\Users\psandeep\.m2\repository\org\springframework\boot\spring-boot-starter-actuator\2.2.0.M3\spring-boot-starter-actuator-2.2.0.M3.jar;C:\Users\psandeep\.m2\repository\org\springframework\boot\spring-boot-starter\2.2.0.M3\spring-boot-starter-2.2.0.M3.jar;C:\Users\psandeep\.m2\repository\org\springframework\boot\spring-boot\2.2.0.M3\spring-boot-2.2.0.M3.jar;C:\Users\psandeep\.m2\repository\org\springframework\boot\spring-boot-autoconfigure\2.2.0.M3\spring-boot-autoconfigure-2.2.0.M3.jar;C:\Users\psandeep\.m2\repository\org\springframework\boot\spring-boot-starter-logging\2.2.0.M3\spring-boot-starter-logging-2.2.0.M3.jar;C:\Users\psandeep\.m2\repository\ch\qos\logback\logback-classic\1.2.3\logback-classic-1.2.3.jar;C:\Users\psandeep\.m2\repository\ch\qos\logback\logback-core\1.2.3\logback-core-1.2.3.jar;C:\Users\psandeep\.m2\repository\org\apache\logging\log4j\log4j-to-slf4j\2.11.2\log4j-to-slf4j-2.11.2.jar;C:\Users\psandeep\.m2\repository\org\apache\logging\log4j\log4j-api\2.11.2\log4j-api-2.11.2.jar;C:\Users\psandeep\.m2\repository\org\slf4j\jul-to-slf4j\1.7.26\jul-to-slf4j-1.7.26.jar;C:\Users\psandeep\.m2\repository\jakarta\annotation\jakarta.annotation-api\1.3.4\jakarta.annotation-api-1.3.4.jar;C:\Users\psandeep\.m2\repository\org\yaml\snakeyaml\1.24\snakeyaml-1.24.jar;C:\Users\psandeep\.m2\repository\org\springframework\boot\spring-boot-actuator-autoconfigure\2.2.0.M3\spring-boot-actuator-autoconfigure-2.2.0.M3.jar;C:\Users\psandeep\.m2\repository\org\springframework\boot\spring-boot-actuator\2.2.0.M3\spring-boot-actuator-2.2.0.M3.jar;C:\Users\psandeep\.m2\repository\com\fasterxml\jackson\core\jackson-databind\2.9.8\jackson-databind-2.9.8.jar;C:\Users\psandeep\.m2\repository\com\fasterxml\jackson\core\jackson-core\2.9.8\jackson-core-2.9.8.jar;C:\Users\psandeep\.m2\repository\com\fasterxml\jackson\datatype\jackson-datatype-jsr310\2.9.8\jackson-datatype-jsr310-2.9.8.jar;C:\Users\psandeep\.m2\repository\io\micrometer\micrometer-core\1.1.4\micrometer-core-1.1.4.jar;C:\Users\psandeep\.m2\repository\org\hdrhistogram\HdrHistogram\2.1.9\HdrHistogram-2.1.9.jar;C:\Users\psandeep\.m2\repository\org\latencyutils\LatencyUtils\2.0.3\LatencyUtils-2.0.3.jar;C:\Users\psandeep\.m2\repository\org\springframework\boot\spring-boot-starter-data-jpa\2.2.0.M3\spring-boot-starter-data-jpa-2.2.0.M3.jar;C:\Users\psandeep\.m2\repository\org\springframework\boot\spring-boot-starter-aop\2.2.0.M3\spring-boot-starter-aop-2.2.0.M3.jar;C:\Users\psandeep\.m2\repository\org\aspectj\aspectjweaver\1.9.4\aspectjweaver-1.9.4.jar;C:\Users\psandeep\.m2\repository\org\springframework\boot\spring-boot-starter-jdbc\2.2.0.M3\spring-boot-starter-jdbc-2.2.0.M3.jar;C:\Users\psandeep\.m2\repository\com\zaxxer\HikariCP\3.3.1\HikariCP-3.3.1.jar;C:\Users\psandeep\.m2\repository\org\springframework\spring-jdbc\5.2.0.M2\spring-jdbc-5.2.0.M2.jar;C:\Users\psandeep\.m2\repository\jakarta\activation\jakarta.activation-api\1.2.1\jakarta.activation-api-1.2.1.jar;C:\Users\psandeep\.m2\repository\jakarta\persistence\jakarta.persistence-api\2.2.2\jakarta.persistence-api-2.2.2.jar;C:\Users\psandeep\.m2\repository\jakarta\transaction\jakarta.transaction-api\1.3.2\jakarta.transaction-api-1.3.2.jar;C:\Users\psandeep\.m2\repository\org\hibernate\hibernate-core\5.4.2.Final\hibernate-core-5.4.2.Final.jar;C:\Users\psandeep\.m2\repository\org\jboss\logging\jboss-logging\3.3.2.Final\jboss-logging-3.3.2.Final.jar;C:\Users\psandeep\.m2\repository\org\javassist\javassist\3.24.0-GA\javassist-3.24.0-GA.jar;C:\Users\psandeep\.m2\repository\net\bytebuddy\byte-buddy\1.9.12\byte-buddy-1.9.12.jar;C:\Users\psandeep\.m2\repository\antlr\antlr\2.7.7\antlr-2.7.7.jar;C:\Users\psandeep\.m2\repository\org\jboss\jandex\2.0.5.Final\jandex-2.0.5.Final.jar;C:\Users\psandeep\.m2\repository\com\fasterxml\classmate\1.5.0\classmate-1.5.0.jar;C:\Users\psandeep\.m2\repository\org\dom4j\dom4j\2.1.1\dom4j-2.1.1.jar;C:\Users\psandeep\.m2\repository\org\hibernate\common\hibernate-commons-annotations\5.1.0.Final\hibernate-commons-annotations-5.1.0.Final.jar;C:\Users\psandeep\.m2\repository\org\glassfish\jaxb\jaxb-runtime\2.3.2\jaxb-runtime-2.3.2.jar;C:\Users\psandeep\.m2\repository\org\glassfish\jaxb\txw2\2.3.2\txw2-2.3.2.jar;C:\Users\psandeep\.m2\repository\com\sun\istack\istack-commons-runtime\3.0.8\istack-commons-runtime-3.0.8.jar;C:\Users\psandeep\.m2\repository\org\jvnet\staxex\stax-ex\1.8.1\stax-ex-1.8.1.jar;C:\Users\psandeep\.m2\repository\com\sun\xml\fastinfoset\FastInfoset\1.2.16\FastInfoset-1.2.16.jar;C:\Users\psandeep\.m2\repository\org\springframework\data\spring-data-jpa\2.2.0.M4\spring-data-jpa-2.2.0.M4.jar;C:\Users\psandeep\.m2\repository\org\springframework\data\spring-data-commons\2.2.0.M4\spring-data-commons-2.2.0.M4.jar;C:\Users\psandeep\.m2\repository\org\springframework\spring-orm\5.2.0.M2\spring-orm-5.2.0.M2.jar;C:\Users\psandeep\.m2\repository\org\springframework\spring-tx\5.2.0.M2\spring-tx-5.2.0.M2.jar;C:\Users\psandeep\.m2\repository\org\springframework\spring-aspects\5.2.0.M2\spring-aspects-5.2.0.M2.jar;C:\Users\psandeep\.m2\repository\org\springframework\boot\spring-boot-starter-data-rest\2.2.0.M3\spring-boot-starter-data-rest-2.2.0.M3.jar;C:\Users\psandeep\.m2\repository\org\springframework\data\spring-data-rest-webmvc\3.2.0.M4\spring-data-rest-webmvc-3.2.0.M4.jar;C:\Users\psandeep\.m2\repository\org\springframework\data\spring-data-rest-core\3.2.0.M4\spring-data-rest-core-3.2.0.M4.jar;C:\Users\psandeep\.m2\repository\org\springframework\plugin\spring-plugin-core\2.0.0.M1\spring-plugin-core-2.0.0.M1.jar;C:\Users\psandeep\.m2\repository\org\atteo\evo-inflector\1.2.2\evo-inflector-1.2.2.jar;C:\Users\psandeep\.m2\repository\com\fasterxml\jackson\core\jackson-annotations\2.9.0\jackson-annotations-2.9.0.jar;C:\Users\psandeep\.m2\repository\org\springframework\boot\spring-boot-starter-thymeleaf\2.2.0.M3\spring-boot-starter-thymeleaf-2.2.0.M3.jar;C:\Users\psandeep\.m2\repository\org\thymeleaf\thymeleaf-spring5\3.0.11.RELEASE\thymeleaf-spring5-3.0.11.RELEASE.jar;C:\Users\psandeep\.m2\repository\org\thymeleaf\thymeleaf\3.0.11.RELEASE\thymeleaf-3.0.11.RELEASE.jar;C:\Users\psandeep\.m2\repository\org\attoparser\attoparser\2.0.5.RELEASE\attoparser-2.0.5.RELEASE.jar;C:\Users\psandeep\.m2\repository\org\unbescape\unbescape\1.1.6.RELEASE\unbescape-1.1.6.RELEASE.jar;C:\Users\psandeep\.m2\repository\org\thymeleaf\extras\thymeleaf-extras-java8time\3.0.4.RELEASE\thymeleaf-extras-java8time-3.0.4.RELEASE.jar;C:\Users\psandeep\.m2\repository\org\springframework\boot\spring-boot-starter-web\2.2.0.M3\spring-boot-starter-web-2.2.0.M3.jar;C:\Users\psandeep\.m2\repository\org\springframework\boot\spring-boot-starter-json\2.2.0.M3\spring-boot-starter-json-2.2.0.M3.jar;C:\Users\psandeep\.m2\repository\com\fasterxml\jackson\datatype\jackson-datatype-jdk8\2.9.8\jackson-datatype-jdk8-2.9.8.jar;C:\Users\psandeep\.m2\repository\com\fasterxml\jackson\module\jackson-module-parameter-names\2.9.8\jackson-module-parameter-names-2.9.8.jar;C:\Users\psandeep\.m2\repository\org\springframework\boot\spring-boot-starter-tomcat\2.2.0.M3\spring-boot-starter-tomcat-2.2.0.M3.jar;C:\Users\psandeep\.m2\repository\org\apache\tomcat\embed\tomcat-embed-core\9.0.19\tomcat-embed-core-9.0.19.jar;C:\Users\psandeep\.m2\repository\org\apache\tomcat\embed\tomcat-embed-el\9.0.19\tomcat-embed-el-9.0.19.jar;C:\Users\psandeep\.m2\repository\org\apache\tomcat\embed\tomcat-embed-websocket\9.0.19\tomcat-embed-websocket-9.0.19.jar;C:\Users\psandeep\.m2\repository\org\springframework\boot\spring-boot-starter-validation\2.2.0.M3\spring-boot-starter-validation-2.2.0.M3.jar;C:\Users\psandeep\.m2\repository\jakarta\validation\jakarta.validation-api\2.0.1\jakarta.validation-api-2.0.1.jar;C:\Users\psandeep\.m2\repository\org\hibernate\validator\hibernate-validator\6.0.16.Final\hibernate-validator-6.0.16.Final.jar;C:\Users\psandeep\.m2\repository\org\springframework\spring-web\5.2.0.M2\spring-web-5.2.0.M2.jar;C:\Users\psandeep\.m2\repository\org\springframework\spring-webmvc\5.2.0.M2\spring-webmvc-5.2.0.M2.jar;C:\Users\psandeep\.m2\repository\org\springframework\spring-expression\5.2.0.M2\spring-expression-5.2.0.M2.jar;C:\Users\psandeep\.m2\repository\org\springframework\hateoas\spring-hateoas\0.25.1.RELEASE\spring-hateoas-0.25.1.RELEASE.jar;C:\Users\psandeep\.m2\repository\org\springframework\spring-aop\5.2.0.M2\spring-aop-5.2.0.M2.jar;C:\Users\psandeep\.m2\repository\org\springframework\spring-beans\5.2.0.M2\spring-beans-5.2.0.M2.jar;C:\Users\psandeep\.m2\repository\org\springframework\spring-context\5.2.0.M2\spring-context-5.2.0.M2.jar;C:\Users\psandeep\.m2\repository\org\springframework\spring-core\5.2.0.M2\spring-core-5.2.0.M2.jar;C:\Users\psandeep\.m2\repository\org\springframework\spring-jcl\5.2.0.M2\spring-jcl-5.2.0.M2.jar;C:\Users\psandeep\.m2\repository\org\slf4j\slf4j-api\1.7.26\slf4j-api-1.7.26.jar;C:\Users\psandeep\.m2\repository\com\h2database\h2\1.4.199\h2-1.4.199.jar;C:\Users\psandeep\.m2\repository\org\springframework\boot\spring-boot-starter-test\2.2.0.M3\spring-boot-starter-test-2.2.0.M3.jar;C:\Users\psandeep\.m2\repository\org\springframework\boot\spring-boot-test\2.2.0.M3\spring-boot-test-2.2.0.M3.jar;C:\Users\psandeep\.m2\repository\org\springframework\boot\spring-boot-test-autoconfigure\2.2.0.M3\spring-boot-test-autoconfigure-2.2.0.M3.jar;C:\Users\psandeep\.m2\repository\com\jayway\jsonpath\json-path\2.4.0\json-path-2.4.0.jar;C:\Users\psandeep\.m2\repository\net\minidev\json-smart\2.3\json-smart-2.3.jar;C:\Users\psandeep\.m2\repository\net\minidev\accessors-smart\1.2\accessors-smart-1.2.jar;C:\Users\psandeep\.m2\repository\org\ow2\asm\asm\5.0.4\asm-5.0.4.jar;C:\Users\psandeep\.m2\repository\jakarta\xml\bind\jakarta.xml.bind-api\2.3.2\jakarta.xml.bind-api-2.3.2.jar;C:\Users\psandeep\.m2\repository\org\junit\jupiter\junit-jupiter\5.4.2\junit-jupiter-5.4.2.jar;C:\Users\psandeep\.m2\repository\org\junit\jupiter\junit-jupiter-api\5.4.2\junit-jupiter-api-5.4.2.jar;C:\Users\psandeep\.m2\repository\org\apiguardian\apiguardian-api\1.0.0\apiguardian-api-1.0.0.jar;C:\Users\psandeep\.m2\repository\org\opentest4j\opentest4j\1.1.1\opentest4j-1.1.1.jar;C:\Users\psandeep\.m2\repository\org\junit\platform\junit-platform-commons\1.4.2\junit-platform-commons-1.4.2.jar;C:\Users\psandeep\.m2\repository\org\junit\jupiter\junit-jupiter-params\5.4.2\junit-jupiter-params-5.4.2.jar;C:\Users\psandeep\.m2\repository\org\junit\jupiter\junit-jupiter-engine\5.4.2\junit-jupiter-engine-5.4.2.jar;C:\Users\psandeep\.m2\repository\org\junit\platform\junit-platform-engine\1.4.2\junit-platform-engine-1.4.2.jar;C:\Users\psandeep\.m2\repository\org\mockito\mockito-junit-jupiter\2.27.0\mockito-junit-jupiter-2.27.0.jar;C:\Users\psandeep\.m2\repository\org\assertj\assertj-core\3.12.2\assertj-core-3.12.2.jar;C:\Users\psandeep\.m2\repository\org\hamcrest\hamcrest-core\1.3\hamcrest-core-1.3.jar;C:\Users\psandeep\.m2\repository\org\hamcrest\hamcrest-library\1.3\hamcrest-library-1.3.jar;C:\Users\psandeep\.m2\repository\org\mockito\mockito-core\2.27.0\mockito-core-2.27.0.jar;C:\Users\psandeep\.m2\repository\net\bytebuddy\byte-buddy-agent\1.9.12\byte-buddy-agent-1.9.12.jar;C:\Users\psandeep\.m2\repository\org\objenesis\objenesis\2.6\objenesis-2.6.jar;C:\Users\psandeep\.m2\repository\org\skyscreamer\jsonassert\1.5.0\jsonassert-1.5.0.jar;C:\Users\psandeep\.m2\repository\com\vaadin\external\google\android-json\0.0.20131108.vaadin1\android-json-0.0.20131108.vaadin1.jar;C:\Users\psandeep\.m2\repository\org\springframework\spring-test\5.2.0.M2\spring-test-5.2.0.M2.jar;C:\Users\psandeep\.m2\repository\org\xmlunit\xmlunit-core\2.6.2\xmlunit-core-2.6.2.jar;"/>
    <property name="java.vm.vendor" value="Oracle Corporation"/>
    <property name="sun.arch.data.model" value="32"/>
    <property name="user.variant" value=""/>
    <property name="java.vendor.url" value="http://java.oracle.com/"/>
    <property name="user.timezone" value="Europe/Berlin"/>
    <property name="java.vm.specification.version" value="1.8"/>
    <property name="os.name" value="Windows 7"/>
    <property name="user.country" value="GB"/>
    <property name="sun.java.launcher" value="SUN_STANDARD"/>
    <property name="sun.boot.library.path" value="C:\Program Files (x86)\Java\jdk1.8.0_172\jre\bin"/>
    <property name="sun.java.command" value="C:\Users\psandeep\AppData\Local\Temp\surefire7683324966630506469\surefirebooter66421720327792955.jar C:\Users\psandeep\AppData\Local\Temp\surefire7683324966630506469 2019-06-04T15-00-17_151-jvmRun1 surefire3255513860357873232tmp surefire_08045389510564609240tmp"/>
    <property name="surefire.test.class.path" value="C:\1.TeleColumbus\demo\demo\target\test-classes;C:\1.TeleColumbus\demo\demo\target\classes;C:\Users\psandeep\.m2\repository\org\springframework\boot\spring-boot-starter-actuator\2.2.0.M3\spring-boot-starter-actuator-2.2.0.M3.jar;C:\Users\psandeep\.m2\repository\org\springframework\boot\spring-boot-starter\2.2.0.M3\spring-boot-starter-2.2.0.M3.jar;C:\Users\psandeep\.m2\repository\org\springframework\boot\spring-boot\2.2.0.M3\spring-boot-2.2.0.M3.jar;C:\Users\psandeep\.m2\repository\org\springframework\boot\spring-boot-autoconfigure\2.2.0.M3\spring-boot-autoconfigure-2.2.0.M3.jar;C:\Users\psandeep\.m2\repository\org\springframework\boot\spring-boot-starter-logging\2.2.0.M3\spring-boot-starter-logging-2.2.0.M3.jar;C:\Users\psandeep\.m2\repository\ch\qos\logback\logback-classic\1.2.3\logback-classic-1.2.3.jar;C:\Users\psandeep\.m2\repository\ch\qos\logback\logback-core\1.2.3\logback-core-1.2.3.jar;C:\Users\psandeep\.m2\repository\org\apache\logging\log4j\log4j-to-slf4j\2.11.2\log4j-to-slf4j-2.11.2.jar;C:\Users\psandeep\.m2\repository\org\apache\logging\log4j\log4j-api\2.11.2\log4j-api-2.11.2.jar;C:\Users\psandeep\.m2\repository\org\slf4j\jul-to-slf4j\1.7.26\jul-to-slf4j-1.7.26.jar;C:\Users\psandeep\.m2\repository\jakarta\annotation\jakarta.annotation-api\1.3.4\jakarta.annotation-api-1.3.4.jar;C:\Users\psandeep\.m2\repository\org\yaml\snakeyaml\1.24\snakeyaml-1.24.jar;C:\Users\psandeep\.m2\repository\org\springframework\boot\spring-boot-actuator-autoconfigure\2.2.0.M3\spring-boot-actuator-autoconfigure-2.2.0.M3.jar;C:\Users\psandeep\.m2\repository\org\springframework\boot\spring-boot-actuator\2.2.0.M3\spring-boot-actuator-2.2.0.M3.jar;C:\Users\psandeep\.m2\repository\com\fasterxml\jackson\core\jackson-databind\2.9.8\jackson-databind-2.9.8.jar;C:\Users\psandeep\.m2\repository\com\fasterxml\jackson\core\jackson-core\2.9.8\jackson-core-2.9.8.jar;C:\Users\psandeep\.m2\repository\com\fasterxml\jackson\datatype\jackson-datatype-jsr310\2.9.8\jackson-datatype-jsr310-2.9.8.jar;C:\Users\psandeep\.m2\repository\io\micrometer\micrometer-core\1.1.4\micrometer-core-1.1.4.jar;C:\Users\psandeep\.m2\repository\org\hdrhistogram\HdrHistogram\2.1.9\HdrHistogram-2.1.9.jar;C:\Users\psandeep\.m2\repository\org\latencyutils\LatencyUtils\2.0.3\LatencyUtils-2.0.3.jar;C:\Users\psandeep\.m2\repository\org\springframework\boot\spring-boot-starter-data-jpa\2.2.0.M3\spring-boot-starter-data-jpa-2.2.0.M3.jar;C:\Users\psandeep\.m2\repository\org\springframework\boot\spring-boot-starter-aop\2.2.0.M3\spring-boot-starter-aop-2.2.0.M3.jar;C:\Users\psandeep\.m2\repository\org\aspectj\aspectjweaver\1.9.4\aspectjweaver-1.9.4.jar;C:\Users\psandeep\.m2\repository\org\springframework\boot\spring-boot-starter-jdbc\2.2.0.M3\spring-boot-starter-jdbc-2.2.0.M3.jar;C:\Users\psandeep\.m2\repository\com\zaxxer\HikariCP\3.3.1\HikariCP-3.3.1.jar;C:\Users\psandeep\.m2\repository\org\springframework\spring-jdbc\5.2.0.M2\spring-jdbc-5.2.0.M2.jar;C:\Users\psandeep\.m2\repository\jakarta\activation\jakarta.activation-api\1.2.1\jakarta.activation-api-1.2.1.jar;C:\Users\psandeep\.m2\repository\jakarta\persistence\jakarta.persistence-api\2.2.2\jakarta.persistence-api-2.2.2.jar;C:\Users\psandeep\.m2\repository\jakarta\transaction\jakarta.transaction-api\1.3.2\jakarta.transaction-api-1.3.2.jar;C:\Users\psandeep\.m2\repository\org\hibernate\hibernate-core\5.4.2.Final\hibernate-core-5.4.2.Final.jar;C:\Users\psandeep\.m2\repository\org\jboss\logging\jboss-logging\3.3.2.Final\jboss-logging-3.3.2.Final.jar;C:\Users\psandeep\.m2\repository\org\javassist\javassist\3.24.0-GA\javassist-3.24.0-GA.jar;C:\Users\psandeep\.m2\repository\net\bytebuddy\byte-buddy\1.9.12\byte-buddy-1.9.12.jar;C:\Users\psandeep\.m2\repository\antlr\antlr\2.7.7\antlr-2.7.7.jar;C:\Users\psandeep\.m2\repository\org\jboss\jandex\2.0.5.Final\jandex-2.0.5.Final.jar;C:\Users\psandeep\.m2\repository\com\fasterxml\classmate\1.5.0\classmate-1.5.0.jar;C:\Users\psandeep\.m2\repository\org\dom4j\dom4j\2.1.1\dom4j-2.1.1.jar;C:\Users\psandeep\.m2\repository\org\hibernate\common\hibernate-commons-annotations\5.1.0.Final\hibernate-commons-annotations-5.1.0.Final.jar;C:\Users\psandeep\.m2\repository\org\glassfish\jaxb\jaxb-runtime\2.3.2\jaxb-runtime-2.3.2.jar;C:\Users\psandeep\.m2\repository\org\glassfish\jaxb\txw2\2.3.2\txw2-2.3.2.jar;C:\Users\psandeep\.m2\repository\com\sun\istack\istack-commons-runtime\3.0.8\istack-commons-runtime-3.0.8.jar;C:\Users\psandeep\.m2\repository\org\jvnet\staxex\stax-ex\1.8.1\stax-ex-1.8.1.jar;C:\Users\psandeep\.m2\repository\com\sun\xml\fastinfoset\FastInfoset\1.2.16\FastInfoset-1.2.16.jar;C:\Users\psandeep\.m2\repository\org\springframework\data\spring-data-jpa\2.2.0.M4\spring-data-jpa-2.2.0.M4.jar;C:\Users\psandeep\.m2\repository\org\springframework\data\spring-data-commons\2.2.0.M4\spring-data-commons-2.2.0.M4.jar;C:\Users\psandeep\.m2\repository\org\springframework\spring-orm\5.2.0.M2\spring-orm-5.2.0.M2.jar;C:\Users\psandeep\.m2\repository\org\springframework\spring-tx\5.2.0.M2\spring-tx-5.2.0.M2.jar;C:\Users\psandeep\.m2\repository\org\springframework\spring-aspects\5.2.0.M2\spring-aspects-5.2.0.M2.jar;C:\Users\psandeep\.m2\repository\org\springframework\boot\spring-boot-starter-data-rest\2.2.0.M3\spring-boot-starter-data-rest-2.2.0.M3.jar;C:\Users\psandeep\.m2\repository\org\springframework\data\spring-data-rest-webmvc\3.2.0.M4\spring-data-rest-webmvc-3.2.0.M4.jar;C:\Users\psandeep\.m2\repository\org\springframework\data\spring-data-rest-core\3.2.0.M4\spring-data-rest-core-3.2.0.M4.jar;C:\Users\psandeep\.m2\repository\org\springframework\plugin\spring-plugin-core\2.0.0.M1\spring-plugin-core-2.0.0.M1.jar;C:\Users\psandeep\.m2\repository\org\atteo\evo-inflector\1.2.2\evo-inflector-1.2.2.jar;C:\Users\psandeep\.m2\repository\com\fasterxml\jackson\core\jackson-annotations\2.9.0\jackson-annotations-2.9.0.jar;C:\Users\psandeep\.m2\repository\org\springframework\boot\spring-boot-starter-thymeleaf\2.2.0.M3\spring-boot-starter-thymeleaf-2.2.0.M3.jar;C:\Users\psandeep\.m2\repository\org\thymeleaf\thymeleaf-spring5\3.0.11.RELEASE\thymeleaf-spring5-3.0.11.RELEASE.jar;C:\Users\psandeep\.m2\repository\org\thymeleaf\thymeleaf\3.0.11.RELEASE\thymeleaf-3.0.11.RELEASE.jar;C:\Users\psandeep\.m2\repository\org\attoparser\attoparser\2.0.5.RELEASE\attoparser-2.0.5.RELEASE.jar;C:\Users\psandeep\.m2\repository\org\unbescape\unbescape\1.1.6.RELEASE\unbescape-1.1.6.RELEASE.jar;C:\Users\psandeep\.m2\repository\org\thymeleaf\extras\thymeleaf-extras-java8time\3.0.4.RELEASE\thymeleaf-extras-java8time-3.0.4.RELEASE.jar;C:\Users\psandeep\.m2\repository\org\springframework\boot\spring-boot-starter-web\2.2.0.M3\spring-boot-starter-web-2.2.0.M3.jar;C:\Users\psandeep\.m2\repository\org\springframework\boot\spring-boot-starter-json\2.2.0.M3\spring-boot-starter-json-2.2.0.M3.jar;C:\Users\psandeep\.m2\repository\com\fasterxml\jackson\datatype\jackson-datatype-jdk8\2.9.8\jackson-datatype-jdk8-2.9.8.jar;C:\Users\psandeep\.m2\repository\com\fasterxml\jackson\module\jackson-module-parameter-names\2.9.8\jackson-module-parameter-names-2.9.8.jar;C:\Users\psandeep\.m2\repository\org\springframework\boot\spring-boot-starter-tomcat\2.2.0.M3\spring-boot-starter-tomcat-2.2.0.M3.jar;C:\Users\psandeep\.m2\repository\org\apache\tomcat\embed\tomcat-embed-core\9.0.19\tomcat-embed-core-9.0.19.jar;C:\Users\psandeep\.m2\repository\org\apache\tomcat\embed\tomcat-embed-el\9.0.19\tomcat-embed-el-9.0.19.jar;C:\Users\psandeep\.m2\repository\org\apache\tomcat\embed\tomcat-embed-websocket\9.0.19\tomcat-embed-websocket-9.0.19.jar;C:\Users\psandeep\.m2\repository\org\springframework\boot\spring-boot-starter-validation\2.2.0.M3\spring-boot-starter-validation-2.2.0.M3.jar;C:\Users\psandeep\.m2\repository\jakarta\validation\jakarta.validation-api\2.0.1\jakarta.validation-api-2.0.1.jar;C:\Users\psandeep\.m2\repository\org\hibernate\validator\hibernate-validator\6.0.16.Final\hibernate-validator-6.0.16.Final.jar;C:\Users\psandeep\.m2\repository\org\springframework\spring-web\5.2.0.M2\spring-web-5.2.0.M2.jar;C:\Users\psandeep\.m2\repository\org\springframework\spring-webmvc\5.2.0.M2\spring-webmvc-5.2.0.M2.jar;C:\Users\psandeep\.m2\repository\org\springframework\spring-expression\5.2.0.M2\spring-expression-5.2.0.M2.jar;C:\Users\psandeep\.m2\repository\org\springframework\hateoas\spring-hateoas\0.25.1.RELEASE\spring-hateoas-0.25.1.RELEASE.jar;C:\Users\psandeep\.m2\repository\org\springframework\spring-aop\5.2.0.M2\spring-aop-5.2.0.M2.jar;C:\Users\psandeep\.m2\repository\org\springframework\spring-beans\5.2.0.M2\spring-beans-5.2.0.M2.jar;C:\Users\psandeep\.m2\repository\org\springframework\spring-context\5.2.0.M2\spring-context-5.2.0.M2.jar;C:\Users\psandeep\.m2\repository\org\springframework\spring-core\5.2.0.M2\spring-core-5.2.0.M2.jar;C:\Users\psandeep\.m2\repository\org\springframework\spring-jcl\5.2.0.M2\spring-jcl-5.2.0.M2.jar;C:\Users\psandeep\.m2\repository\org\slf4j\slf4j-api\1.7.26\slf4j-api-1.7.26.jar;C:\Users\psandeep\.m2\repository\com\h2database\h2\1.4.199\h2-1.4.199.jar;C:\Users\psandeep\.m2\repository\org\springframework\boot\spring-boot-starter-test\2.2.0.M3\spring-boot-starter-test-2.2.0.M3.jar;C:\Users\psandeep\.m2\repository\org\springframework\boot\spring-boot-test\2.2.0.M3\spring-boot-test-2.2.0.M3.jar;C:\Users\psandeep\.m2\repository\org\springframework\boot\spring-boot-test-autoconfigure\2.2.0.M3\spring-boot-test-autoconfigure-2.2.0.M3.jar;C:\Users\psandeep\.m2\repository\com\jayway\jsonpath\json-path\2.4.0\json-path-2.4.0.jar;C:\Users\psandeep\.m2\repository\net\minidev\json-smart\2.3\json-smart-2.3.jar;C:\Users\psandeep\.m2\repository\net\minidev\accessors-smart\1.2\accessors-smart-1.2.jar;C:\Users\psandeep\.m2\repository\org\ow2\asm\asm\5.0.4\asm-5.0.4.jar;C:\Users\psandeep\.m2\repository\jakarta\xml\bind\jakarta.xml.bind-api\2.3.2\jakarta.xml.bind-api-2.3.2.jar;C:\Users\psandeep\.m2\repository\org\junit\jupiter\junit-jupiter\5.4.2\junit-jupiter-5.4.2.jar;C:\Users\psandeep\.m2\repository\org\junit\jupiter\junit-jupiter-api\5.4.2\junit-jupiter-api-5.4.2.jar;C:\Users\psandeep\.m2\repository\org\apiguardian\apiguardian-api\1.0.0\apiguardian-api-1.0.0.jar;C:\Users\psandeep\.m2\repository\org\opentest4j\opentest4j\1.1.1\opentest4j-1.1.1.jar;C:\Users\psandeep\.m2\repository\org\junit\platform\junit-platform-commons\1.4.2\junit-platform-commons-1.4.2.jar;C:\Users\psandeep\.m2\repository\org\junit\jupiter\junit-jupiter-params\5.4.2\junit-jupiter-params-5.4.2.jar;C:\Users\psandeep\.m2\repository\org\junit\jupiter\junit-jupiter-engine\5.4.2\junit-jupiter-engine-5.4.2.jar;C:\Users\psandeep\.m2\repository\org\junit\platform\junit-platform-engine\1.4.2\junit-platform-engine-1.4.2.jar;C:\Users\psandeep\.m2\repository\org\mockito\mockito-junit-jupiter\2.27.0\mockito-junit-jupiter-2.27.0.jar;C:\Users\psandeep\.m2\repository\org\assertj\assertj-core\3.12.2\assertj-core-3.12.2.jar;C:\Users\psandeep\.m2\repository\org\hamcrest\hamcrest-core\1.3\hamcrest-core-1.3.jar;C:\Users\psandeep\.m2\repository\org\hamcrest\hamcrest-library\1.3\hamcrest-library-1.3.jar;C:\Users\psandeep\.m2\repository\org\mockito\mockito-core\2.27.0\mockito-core-2.27.0.jar;C:\Users\psandeep\.m2\repository\net\bytebuddy\byte-buddy-agent\1.9.12\byte-buddy-agent-1.9.12.jar;C:\Users\psandeep\.m2\repository\org\objenesis\objenesis\2.6\objenesis-2.6.jar;C:\Users\psandeep\.m2\repository\org\skyscreamer\jsonassert\1.5.0\jsonassert-1.5.0.jar;C:\Users\psandeep\.m2\repository\com\vaadin\external\google\android-json\0.0.20131108.vaadin1\android-json-0.0.20131108.vaadin1.jar;C:\Users\psandeep\.m2\repository\org\springframework\spring-test\5.2.0.M2\spring-test-5.2.0.M2.jar;C:\Users\psandeep\.m2\repository\org\xmlunit\xmlunit-core\2.6.2\xmlunit-core-2.6.2.jar;"/>
    <property name="sun.cpu.endian" value="little"/>
    <property name="user.home" value="C:\Users\psandeep"/>
    <property name="user.language" value="en"/>
    <property name="java.specification.vendor" value="Oracle Corporation"/>
    <property name="java.home" value="C:\Program Files (x86)\Java\jdk1.8.0_172\jre"/>
    <property name="basedir" value="C:\1.TeleColumbus\demo\demo"/>
    <property name="file.separator" value="\"/>
    <property name="line.separator" value="&#10;"/>
    <property name="java.vm.specification.vendor" value="Oracle Corporation"/>
    <property name="java.specification.name" value="Java Platform API Specification"/>
    <property name="java.awt.graphicsenv" value="sun.awt.Win32GraphicsEnvironment"/>
    <property name="surefire.real.class.path" value="C:\Users\psandeep\AppData\Local\Temp\surefire7683324966630506469\surefirebooter66421720327792955.jar"/>
    <property name="sun.boot.class.path" value="C:\Program Files (x86)\Java\jdk1.8.0_172\jre\lib\resources.jar;C:\Program Files (x86)\Java\jdk1.8.0_172\jre\lib\rt.jar;C:\Program Files (x86)\Java\jdk1.8.0_172\jre\lib\sunrsasign.jar;C:\Program Files (x86)\Java\jdk1.8.0_172\jre\lib\jsse.jar;C:\Program Files (x86)\Java\jdk1.8.0_172\jre\lib\jce.jar;C:\Program Files (x86)\Java\jdk1.8.0_172\jre\lib\charsets.jar;C:\Program Files (x86)\Java\jdk1.8.0_172\jre\lib\jfr.jar;C:\Program Files (x86)\Java\jdk1.8.0_172\jre\classes"/>
    <property name="user.script" value=""/>
    <property name="sun.management.compiler" value="HotSpot Client Compiler"/>
    <property name="java.runtime.version" value="1.8.0_172-b11"/>
    <property name="user.name" value="psandeep"/>
    <property name="path.separator" value=";"/>
    <property name="os.version" value="6.1"/>
    <property name="java.endorsed.dirs" value="C:\Program Files (x86)\Java\jdk1.8.0_172\jre\lib\endorsed"/>
    <property name="java.runtime.name" value="Java(TM) SE Runtime Environment"/>
    <property name="file.encoding" value="Cp1252"/>
    <property name="java.vm.name" value="Java HotSpot(TM) Client VM"/>
    <property name="localRepository" value="C:\Users\psandeep\.m2\repository"/>
    <property name="java.vendor.url.bug" value="http://bugreport.sun.com/bugreport/"/>
    <property name="java.io.tmpdir" value="C:\Users\psandeep\AppData\Local\Temp\"/>
    <property name="java.version" value="1.8.0_172"/>
    <property name="user.dir" value="C:\1.TeleColumbus\demo\demo"/>
    <property name="os.arch" value="x86"/>
    <property name="java.vm.specification.name" value="Java Virtual Machine Specification"/>
    <property name="java.awt.printerjob" value="sun.awt.windows.WPrinterJob"/>
    <property name="sun.os.patch.level" value="Service Pack 1"/>
    <property name="java.library.path" value="C:\Program Files (x86)\Java\jdk1.8.0_172\jre\bin;C:\windows\Sun\Java\bin;C:\windows\system32;C:\windows;C:/Program Files (x86)/Java/jdk1.8.0_172/bin/../jre/bin/client;C:/Program Files (x86)/Java/jdk1.8.0_172/bin/../jre/bin;C:/Program Files (x86)/Java/jdk1.8.0_172/bin/../jre/lib/i386;C:\Program Files (x86)\Common Files\Oracle\Java\javapath;C:\AmdocsCRM8.1\AmdocsCRMApplication\bin;C:\Program Files (x86)\Java\jdk1.8.0_172;C:\Program Files (x86)\Java\jdk1.8.0_172\bin;C:\Program Files (x86)\Java\jdk1.8.0_172\jre\bin\server;C:\Oracle\product\11.2.0\client_1\bin;C:\AmdocsCRM8.1.0.10\ClarifyClient;C:\Oracle\product\11.2.0\client_1;C:\windows\system32;C:\windows;C:\windows\System32\Wbem;C:\windows\System32\WindowsPowerShell\v1.0\;C:\Program Files (x86)\Plantronics\Spokes3G\;C:\Program Files\PuTTY\;C:\AmdocsCRM8.1\Server\dll;C:\apache-maven-3.5.4\bin;C:\Program Files (x86)\Enterprise Vault\EVClient\;C:\Program Files (x86)\Java\jdk1.8.0_172\bin;C:\Program Files (x86)\Java\jre1.8.0_171\bin;C:\Users\psandeep\AppData\Local\Google\Chrome\Application;C:\Program Files (x86)\Common Files\Oracle\Java\javapath;C:\AmdocsCRM8.1\AmdocsCRMApplication\bin;C:\Program Files (x86)\Java\jdk1.7.0_72;C:\Program Files (x86)\Java\jdk1.7.0_72\bin;C:\Program Files (x86)\Java\jdk1.7.0_72\jre\bin\server;C:\Oracle\product\11.2.0\client_1\bin;C:\AmdocsCRM8.1.0.10\ClarifyClient;C:\Oracle\product\11.2.0\client_1;C:\windows\system32;C:\windows;C:\windows\System32\Wbem;C:\windows\System32\WindowsPowerShell\v1.0\;C:\Program Files (x86)\Plantronics\Spokes3G\;C:\Program Files (x86)\Enterprise Vault\EVClient\;C:\Program Files\PuTTY\;C:\AmdocsCRM8.1\Server\dll;C:\eclipse;;."/>
    <property name="java.vm.info" value="mixed mode"/>
    <property name="java.vendor" value="Sun Microsystems Inc."/>
    <property name="java.vm.version" value="25.172-b11"/>
    <property name="java.ext.dirs" value="C:\Program Files (x86)\Java\jdk1.8.0_172\jre\lib\ext;C:\windows\Sun\Java\lib\ext"/>
    <property name="sun.io.unicode.encoding" value="UnicodeLittle"/>
    <property name="java.class.version" value="52.0"/>
  </properties>
  <testcase name="contextLoads" classname="com.example.demo.DemoApplicationTests" time="0.01">
    <error message="Failed to load ApplicationContext" type="java.lang.IllegalStateException">java.lang.IllegalStateException: Failed to load ApplicationContext
Caused by: java.lang.IllegalStateException: Error processing condition on org.springframework.boot.autoconfigure.data.web.SpringDataWebAutoConfiguration
Caused by: java.lang.IllegalStateException: Failed to introspect Class [org.springframework.data.rest.webmvc.config.RepositoryRestMvcConfiguration] from ClassLoader [sun.misc.Launcher$AppClassLoader@1c7c054]
Caused by: java.lang.NoClassDefFoundError: org/springframework/hateoas/server/mvc/UriComponentsContributor
Caused by: java.lang.ClassNotFoundException: org.springframework.hateoas.server.mvc.UriComponentsContributor
</error>
    <system-out><![CDATA[15:00:18.959 [main] DEBUG org.springframework.test.context.BootstrapUtils - Instantiating CacheAwareContextLoaderDelegate from class [org.springframework.test.context.cache.DefaultCacheAwareContextLoaderDelegate]
15:00:18.981 [main] DEBUG org.springframework.test.context.BootstrapUtils - Instantiating BootstrapContext using constructor [public org.springframework.test.context.support.DefaultBootstrapContext(java.lang.Class,org.springframework.test.context.CacheAwareContextLoaderDelegate)]
15:00:19.014 [main] DEBUG org.springframework.test.context.BootstrapUtils - Instantiating TestContextBootstrapper for test class [com.example.demo.DemoApplicationTests] from class [org.springframework.boot.test.context.SpringBootTestContextBootstrapper]
15:00:19.038 [main] INFO org.springframework.boot.test.context.SpringBootTestContextBootstrapper - Neither @ContextConfiguration nor @ContextHierarchy found for test class [com.example.demo.DemoApplicationTests], using SpringBootContextLoader
15:00:19.043 [main] DEBUG org.springframework.test.context.support.AbstractContextLoader - Did not detect default resource location for test class [com.example.demo.DemoApplicationTests]: class path resource [com/example/demo/DemoApplicationTests-context.xml] does not exist
15:00:19.043 [main] DEBUG org.springframework.test.context.support.AbstractContextLoader - Did not detect default resource location for test class [com.example.demo.DemoApplicationTests]: class path resource [com/example/demo/DemoApplicationTestsContext.groovy] does not exist
15:00:19.044 [main] INFO org.springframework.test.context.support.AbstractContextLoader - Could not detect default resource locations for test class [com.example.demo.DemoApplicationTests]: no resource found for suffixes {-context.xml, Context.groovy}.
15:00:19.045 [main] INFO org.springframework.test.context.support.AnnotationConfigContextLoaderUtils - Could not detect default configuration classes for test class [com.example.demo.DemoApplicationTests]: DemoApplicationTests does not declare any static, non-private, non-final, nested classes annotated with @Configuration.
15:00:19.167 [main] DEBUG org.springframework.test.context.support.ActiveProfilesUtils - Could not find an 'annotation declaring class' for annotation type [org.springframework.test.context.ActiveProfiles] and class [com.example.demo.DemoApplicationTests]
15:00:19.258 [main] DEBUG org.springframework.context.annotation.ClassPathScanningCandidateComponentProvider - Identified candidate component class: file [C:\1.TeleColumbus\demo\demo\target\classes\com\example\demo\DemoApplication.class]
15:00:19.281 [main] INFO org.springframework.boot.test.context.SpringBootTestContextBootstrapper - Found @SpringBootConfiguration com.example.demo.DemoApplication for test class com.example.demo.DemoApplicationTests
15:00:19.403 [main] DEBUG org.springframework.boot.test.context.SpringBootTestContextBootstrapper - @TestExecutionListeners is not present for class [com.example.demo.DemoApplicationTests]: using defaults.
15:00:19.403 [main] INFO org.springframework.boot.test.context.SpringBootTestContextBootstrapper - Loaded default TestExecutionListener class names from location [META-INF/spring.factories]: [org.springframework.boot.test.mock.mockito.MockitoTestExecutionListener, org.springframework.boot.test.mock.mockito.ResetMocksTestExecutionListener, org.springframework.boot.test.autoconfigure.restdocs.RestDocsTestExecutionListener, org.springframework.boot.test.autoconfigure.web.client.MockRestServiceServerResetTestExecutionListener, org.springframework.boot.test.autoconfigure.web.servlet.MockMvcPrintOnlyOnFailureTestExecutionListener, org.springframework.boot.test.autoconfigure.web.servlet.WebDriverTestExecutionListener, org.springframework.test.context.web.ServletTestExecutionListener, org.springframework.test.context.support.DirtiesContextBeforeModesTestExecutionListener, org.springframework.test.context.support.DependencyInjectionTestExecutionListener, org.springframework.test.context.support.DirtiesContextTestExecutionListener, org.springframework.test.context.transaction.TransactionalTestExecutionListener, org.springframework.test.context.jdbc.SqlScriptsTestExecutionListener, org.springframework.test.context.event.EventPublishingTestExecutionListener]
15:00:19.427 [main] INFO org.springframework.boot.test.context.SpringBootTestContextBootstrapper - Using TestExecutionListeners: [org.springframework.test.context.web.ServletTestExecutionListener@1fe15ff, org.springframework.test.context.support.DirtiesContextBeforeModesTestExecutionListener@9a4f23, org.springframework.boot.test.mock.mockito.MockitoTestExecutionListener@130c739, org.springframework.boot.test.autoconfigure.SpringBootDependencyInjectionTestExecutionListener@11669c0, org.springframework.test.context.support.DirtiesContextTestExecutionListener@e4deb0, org.springframework.test.context.transaction.TransactionalTestExecutionListener@9175d8, org.springframework.test.context.jdbc.SqlScriptsTestExecutionListener@10b7e3c, org.springframework.test.context.event.EventPublishingTestExecutionListener@1bb5034, org.springframework.boot.test.mock.mockito.ResetMocksTestExecutionListener@1741d6d, org.springframework.boot.test.autoconfigure.restdocs.RestDocsTestExecutionListener@ae8e6e, org.springframework.boot.test.autoconfigure.web.client.MockRestServiceServerResetTestExecutionListener@f2ef19, org.springframework.boot.test.autoconfigure.web.servlet.MockMvcPrintOnlyOnFailureTestExecutionListener@10734c3, org.springframework.boot.test.autoconfigure.web.servlet.WebDriverTestExecutionListener@f3d63b]
15:00:19.430 [main] DEBUG org.springframework.test.context.support.AbstractDirtiesContextTestExecutionListener - Before test class: context [DefaultTestContext@27ba32 testClass = DemoApplicationTests, testInstance = [null], testMethod = [null], testException = [null], mergedContextConfiguration = [WebMergedContextConfiguration@f82753 testClass = DemoApplicationTests, locations = '{}', classes = '{class com.example.demo.DemoApplication}', contextInitializerClasses = '[]', activeProfiles = '{}', propertySourceLocations = '{}', propertySourceProperties = '{org.springframework.boot.test.context.SpringBootTestContextBootstrapper=true}', contextCustomizers = set[org.springframework.boot.test.context.filter.ExcludeFilterContextCustomizer@1529185, org.springframework.boot.test.json.DuplicateJsonObjectContextCustomizerFactory$DuplicateJsonObjectContextCustomizer@1c88ec8, org.springframework.boot.test.mock.mockito.MockitoContextCustomizer@0, org.springframework.boot.test.web.client.TestRestTemplateContextCustomizer@1835c46, org.springframework.boot.test.autoconfigure.properties.PropertyMappingContextCustomizer@0, org.springframework.boot.test.autoconfigure.web.servlet.WebDriverContextCustomizerFactory$Customizer@80d78a], resourceBasePath = 'src/main/webapp', contextLoader = 'org.springframework.boot.test.context.SpringBootContextLoader', parent = [null]], attributes = map['org.springframework.test.context.web.ServletTestExecutionListener.activateListener' -> true]], class annotated with @DirtiesContext [false] with mode [null].
15:00:19.468 [main] DEBUG org.springframework.test.context.support.TestPropertySourceUtils - Adding inlined properties to environment: {spring.jmx.enabled=false, org.springframework.boot.test.context.SpringBootTestContextBootstrapper=true, server.port=-1}

  .   ____          _            __ _ _
 /\\ / ___'_ __ _ _(_)_ __  __ _ \ \ \ \
( ( )\___ | '_ | '_| | '_ \/ _` | \ \ \ \
 \\/  ___)| |_)| | | | | || (_| |  ) ) ) )
  '  |____| .__|_| |_|_| |_\__, | / / / /
 =========|_|==============|___/=/_/_/_/
 :: Spring Boot ::             (v2.2.0.M3)

2019-06-04 15:00:19.966  INFO 14808 --- [           main] com.example.demo.DemoApplicationTests    : Starting DemoApplicationTests on CP018W10002 with PID 14808 (started by psandeep in C:\1.TeleColumbus\demo\demo)
2019-06-04 15:00:19.967  INFO 14808 --- [           main] com.example.demo.DemoApplicationTests    : No active profile set, falling back to default profiles: default
2019-06-04 15:00:21.716  INFO 14808 --- [           main] .s.d.r.c.RepositoryConfigurationDelegate : Bootstrapping Spring Data repositories in DEFAULT mode.
2019-06-04 15:00:21.793  INFO 14808 --- [           main] .s.d.r.c.RepositoryConfigurationDelegate : Finished Spring Data repository scanning in 66ms. Found 1 repository interfaces.
2019-06-04 15:00:21.835 ERROR 14808 --- [           main] o.s.boot.SpringApplication               : Application run failed

java.lang.IllegalStateException: Error processing condition on org.springframework.boot.autoconfigure.data.web.SpringDataWebAutoConfiguration
	at org.springframework.boot.autoconfigure.condition.SpringBootCondition.matches(SpringBootCondition.java:64) ~[spring-boot-autoconfigure-2.2.0.M3.jar:2.2.0.M3]
	at org.springframework.context.annotation.ConditionEvaluator.shouldSkip(ConditionEvaluator.java:108) ~[spring-context-5.2.0.M2.jar:5.2.0.M2]
	at org.springframework.context.annotation.ConfigurationClassBeanDefinitionReader$TrackedConditionEvaluator.shouldSkip(ConfigurationClassBeanDefinitionReader.java:469) ~[spring-context-5.2.0.M2.jar:5.2.0.M2]
	at org.springframework.context.annotation.ConfigurationClassBeanDefinitionReader$TrackedConditionEvaluator.shouldSkip(ConfigurationClassBeanDefinitionReader.java:458) ~[spring-context-5.2.0.M2.jar:5.2.0.M2]
	at org.springframework.context.annotation.ConfigurationClassBeanDefinitionReader.loadBeanDefinitionsForConfigurationClass(ConfigurationClassBeanDefinitionReader.java:131) ~[spring-context-5.2.0.M2.jar:5.2.0.M2]
	at org.springframework.context.annotation.ConfigurationClassBeanDefinitionReader.loadBeanDefinitions(ConfigurationClassBeanDefinitionReader.java:120) ~[spring-context-5.2.0.M2.jar:5.2.0.M2]
	at org.springframework.context.annotation.ConfigurationClassPostProcessor.processConfigBeanDefinitions(ConfigurationClassPostProcessor.java:337) ~[spring-context-5.2.0.M2.jar:5.2.0.M2]
	at org.springframework.context.annotation.ConfigurationClassPostProcessor.postProcessBeanDefinitionRegistry(ConfigurationClassPostProcessor.java:242) ~[spring-context-5.2.0.M2.jar:5.2.0.M2]
	at org.springframework.context.support.PostProcessorRegistrationDelegate.invokeBeanDefinitionRegistryPostProcessors(PostProcessorRegistrationDelegate.java:275) ~[spring-context-5.2.0.M2.jar:5.2.0.M2]
	at org.springframework.context.support.PostProcessorRegistrationDelegate.invokeBeanFactoryPostProcessors(PostProcessorRegistrationDelegate.java:95) ~[spring-context-5.2.0.M2.jar:5.2.0.M2]
	at org.springframework.context.support.AbstractApplicationContext.invokeBeanFactoryPostProcessors(AbstractApplicationContext.java:705) ~[spring-context-5.2.0.M2.jar:5.2.0.M2]
	at org.springframework.context.support.AbstractApplicationContext.refresh(AbstractApplicationContext.java:531) ~[spring-context-5.2.0.M2.jar:5.2.0.M2]
	at org.springframework.boot.SpringApplication.refresh(SpringApplication.java:782) ~[spring-boot-2.2.0.M3.jar:2.2.0.M3]
	at org.springframework.boot.SpringApplication.refreshContext(SpringApplication.java:404) ~[spring-boot-2.2.0.M3.jar:2.2.0.M3]
	at org.springframework.boot.SpringApplication.run(SpringApplication.java:319) ~[spring-boot-2.2.0.M3.jar:2.2.0.M3]
	at org.springframework.boot.test.context.SpringBootContextLoader.loadContext(SpringBootContextLoader.java:132) [spring-boot-test-2.2.0.M3.jar:2.2.0.M3]
	at org.springframework.test.context.cache.DefaultCacheAwareContextLoaderDelegate.loadContextInternal(DefaultCacheAwareContextLoaderDelegate.java:99) [spring-test-5.2.0.M2.jar:5.2.0.M2]
	at org.springframework.test.context.cache.DefaultCacheAwareContextLoaderDelegate.loadContext(DefaultCacheAwareContextLoaderDelegate.java:124) [spring-test-5.2.0.M2.jar:5.2.0.M2]
	at org.springframework.test.context.support.DefaultTestContext.getApplicationContext(DefaultTestContext.java:122) [spring-test-5.2.0.M2.jar:5.2.0.M2]
	at org.springframework.test.context.web.ServletTestExecutionListener.setUpRequestContextIfNecessary(ServletTestExecutionListener.java:190) [spring-test-5.2.0.M2.jar:5.2.0.M2]
	at org.springframework.test.context.web.ServletTestExecutionListener.prepareTestInstance(ServletTestExecutionListener.java:132) [spring-test-5.2.0.M2.jar:5.2.0.M2]
	at org.springframework.test.context.TestContextManager.prepareTestInstance(TestContextManager.java:244) [spring-test-5.2.0.M2.jar:5.2.0.M2]
	at org.springframework.test.context.junit.jupiter.SpringExtension.postProcessTestInstance(SpringExtension.java:98) [spring-test-5.2.0.M2.jar:5.2.0.M2]
	at org.junit.jupiter.engine.descriptor.ClassTestDescriptor.lambda$invokeTestInstancePostProcessors$6(ClassTestDescriptor.java:352) [junit-jupiter-engine-5.4.2.jar:5.4.2]
	at org.junit.jupiter.engine.descriptor.JupiterTestDescriptor.executeAndMaskThrowable(JupiterTestDescriptor.java:204) ~[junit-jupiter-engine-5.4.2.jar:5.4.2]
	at org.junit.jupiter.engine.descriptor.ClassTestDescriptor.lambda$invokeTestInstancePostProcessors$7(ClassTestDescriptor.java:352) [junit-jupiter-engine-5.4.2.jar:5.4.2]
	at java.util.stream.ReferencePipeline$3$1.accept(ReferencePipeline.java:193) ~[na:1.8.0_172]
	at java.util.stream.ReferencePipeline$2$1.accept(ReferencePipeline.java:175) ~[na:1.8.0_172]
	at java.util.ArrayList$ArrayListSpliterator.forEachRemaining(ArrayList.java:1382) ~[na:1.8.0_172]
	at java.util.stream.AbstractPipeline.copyInto(AbstractPipeline.java:481) ~[na:1.8.0_172]
	at java.util.stream.AbstractPipeline.wrapAndCopyInto(AbstractPipeline.java:471) ~[na:1.8.0_172]
	at java.util.stream.StreamSpliterators$WrappingSpliterator.forEachRemaining(StreamSpliterators.java:312) ~[na:1.8.0_172]
	at java.util.stream.Streams$ConcatSpliterator.forEachRemaining(Streams.java:743) ~[na:1.8.0_172]
	at java.util.stream.Streams$ConcatSpliterator.forEachRemaining(Streams.java:742) ~[na:1.8.0_172]
	at java.util.stream.ReferencePipeline$Head.forEach(ReferencePipeline.java:580) ~[na:1.8.0_172]
	at org.junit.jupiter.engine.descriptor.ClassTestDescriptor.invokeTestInstancePostProcessors(ClassTestDescriptor.java:351) [junit-jupiter-engine-5.4.2.jar:5.4.2]
	at org.junit.jupiter.engine.descriptor.ClassTestDescriptor.instantiateAndPostProcessTestInstance(ClassTestDescriptor.java:270) [junit-jupiter-engine-5.4.2.jar:5.4.2]
	at org.junit.jupiter.engine.descriptor.ClassTestDescriptor.lambda$testInstancesProvider$2(ClassTestDescriptor.java:259) [junit-jupiter-engine-5.4.2.jar:5.4.2]
	at org.junit.jupiter.engine.descriptor.ClassTestDescriptor.lambda$testInstancesProvider$3(ClassTestDescriptor.java:263) [junit-jupiter-engine-5.4.2.jar:5.4.2]
	at java.util.Optional.orElseGet(Optional.java:267) ~[na:1.8.0_172]
	at org.junit.jupiter.engine.descriptor.ClassTestDescriptor.lambda$testInstancesProvider$4(ClassTestDescriptor.java:262) [junit-jupiter-engine-5.4.2.jar:5.4.2]
	at org.junit.jupiter.engine.descriptor.TestMethodTestDescriptor.lambda$prepare$0(TestMethodTestDescriptor.java:98) ~[junit-jupiter-engine-5.4.2.jar:5.4.2]
	at org.junit.platform.engine.support.hierarchical.ThrowableCollector.execute(ThrowableCollector.java:73) ~[junit-platform-engine-1.4.2.jar:1.4.2]
	at org.junit.jupiter.engine.descriptor.TestMethodTestDescriptor.prepare(TestMethodTestDescriptor.java:97) ~[junit-jupiter-engine-5.4.2.jar:5.4.2]
	at org.junit.jupiter.engine.descriptor.TestMethodTestDescriptor.prepare(TestMethodTestDescriptor.java:68) ~[junit-jupiter-engine-5.4.2.jar:5.4.2]
	at org.junit.platform.engine.support.hierarchical.NodeTestTask.lambda$prepare$1(NodeTestTask.java:107) ~[junit-platform-engine-1.4.2.jar:1.4.2]
	at org.junit.platform.engine.support.hierarchical.ThrowableCollector.execute(ThrowableCollector.java:73) ~[junit-platform-engine-1.4.2.jar:1.4.2]
	at org.junit.platform.engine.support.hierarchical.NodeTestTask.prepare(NodeTestTask.java:107) ~[junit-platform-engine-1.4.2.jar:1.4.2]
	at org.junit.platform.engine.support.hierarchical.NodeTestTask.execute(NodeTestTask.java:75) ~[junit-platform-engine-1.4.2.jar:1.4.2]
	at java.util.ArrayList.forEach(ArrayList.java:1257) ~[na:1.8.0_172]
	at org.junit.platform.engine.support.hierarchical.SameThreadHierarchicalTestExecutorService.invokeAll(SameThreadHierarchicalTestExecutorService.java:38) ~[junit-platform-engine-1.4.2.jar:1.4.2]
	at org.junit.platform.engine.support.hierarchical.NodeTestTask.lambda$executeRecursively$5(NodeTestTask.java:139) ~[junit-platform-engine-1.4.2.jar:1.4.2]
	at org.junit.platform.engine.support.hierarchical.ThrowableCollector.execute(ThrowableCollector.java:73) ~[junit-platform-engine-1.4.2.jar:1.4.2]
	at org.junit.platform.engine.support.hierarchical.NodeTestTask.lambda$executeRecursively$7(NodeTestTask.java:125) ~[junit-platform-engine-1.4.2.jar:1.4.2]
	at org.junit.platform.engine.support.hierarchical.Node.around(Node.java:135) ~[junit-platform-engine-1.4.2.jar:1.4.2]
	at org.junit.platform.engine.support.hierarchical.NodeTestTask.lambda$executeRecursively$8(NodeTestTask.java:123) ~[junit-platform-engine-1.4.2.jar:1.4.2]
	at org.junit.platform.engine.support.hierarchical.ThrowableCollector.execute(ThrowableCollector.java:73) ~[junit-platform-engine-1.4.2.jar:1.4.2]
	at org.junit.platform.engine.support.hierarchical.NodeTestTask.executeRecursively(NodeTestTask.java:122) ~[junit-platform-engine-1.4.2.jar:1.4.2]
	at org.junit.platform.engine.support.hierarchical.NodeTestTask.execute(NodeTestTask.java:80) ~[junit-platform-engine-1.4.2.jar:1.4.2]
	at java.util.ArrayList.forEach(ArrayList.java:1257) ~[na:1.8.0_172]
	at org.junit.platform.engine.support.hierarchical.SameThreadHierarchicalTestExecutorService.invokeAll(SameThreadHierarchicalTestExecutorService.java:38) ~[junit-platform-engine-1.4.2.jar:1.4.2]
	at org.junit.platform.engine.support.hierarchical.NodeTestTask.lambda$executeRecursively$5(NodeTestTask.java:139) ~[junit-platform-engine-1.4.2.jar:1.4.2]
	at org.junit.platform.engine.support.hierarchical.ThrowableCollector.execute(ThrowableCollector.java:73) ~[junit-platform-engine-1.4.2.jar:1.4.2]
	at org.junit.platform.engine.support.hierarchical.NodeTestTask.lambda$executeRecursively$7(NodeTestTask.java:125) ~[junit-platform-engine-1.4.2.jar:1.4.2]
	at org.junit.platform.engine.support.hierarchical.Node.around(Node.java:135) ~[junit-platform-engine-1.4.2.jar:1.4.2]
	at org.junit.platform.engine.support.hierarchical.NodeTestTask.lambda$executeRecursively$8(NodeTestTask.java:123) ~[junit-platform-engine-1.4.2.jar:1.4.2]
	at org.junit.platform.engine.support.hierarchical.ThrowableCollector.execute(ThrowableCollector.java:73) ~[junit-platform-engine-1.4.2.jar:1.4.2]
	at org.junit.platform.engine.support.hierarchical.NodeTestTask.executeRecursively(NodeTestTask.java:122) ~[junit-platform-engine-1.4.2.jar:1.4.2]
	at org.junit.platform.engine.support.hierarchical.NodeTestTask.execute(NodeTestTask.java:80) ~[junit-platform-engine-1.4.2.jar:1.4.2]
	at org.junit.platform.engine.support.hierarchical.SameThreadHierarchicalTestExecutorService.submit(SameThreadHierarchicalTestExecutorService.java:32) ~[junit-platform-engine-1.4.2.jar:1.4.2]
	at org.junit.platform.engine.support.hierarchical.HierarchicalTestExecutor.execute(HierarchicalTestExecutor.java:57) ~[junit-platform-engine-1.4.2.jar:1.4.2]
	at org.junit.platform.engine.support.hierarchical.HierarchicalTestEngine.execute(HierarchicalTestEngine.java:51) ~[junit-platform-engine-1.4.2.jar:1.4.2]
	at org.junit.platform.launcher.core.DefaultLauncher.execute(DefaultLauncher.java:220) ~[junit-platform-launcher-1.3.1.jar:1.3.1]
	at org.junit.platform.launcher.core.DefaultLauncher.lambda$execute$6(DefaultLauncher.java:188) ~[junit-platform-launcher-1.3.1.jar:1.3.1]
	at org.junit.platform.launcher.core.DefaultLauncher.withInterceptedStreams(DefaultLauncher.java:202) ~[junit-platform-launcher-1.3.1.jar:1.3.1]
	at org.junit.platform.launcher.core.DefaultLauncher.execute(DefaultLauncher.java:181) ~[junit-platform-launcher-1.3.1.jar:1.3.1]
	at org.junit.platform.launcher.core.DefaultLauncher.execute(DefaultLauncher.java:128) ~[junit-platform-launcher-1.3.1.jar:1.3.1]
	at org.apache.maven.surefire.junitplatform.JUnitPlatformProvider.invokeAllTests(JUnitPlatformProvider.java:150) ~[surefire-junit-platform-2.22.2.jar:2.22.2]
	at org.apache.maven.surefire.junitplatform.JUnitPlatformProvider.invoke(JUnitPlatformProvider.java:124) ~[surefire-junit-platform-2.22.2.jar:2.22.2]
	at org.apache.maven.surefire.booter.ForkedBooter.invokeProviderInSameClassLoader(ForkedBooter.java:384) ~[surefire-booter-2.22.2.jar:2.22.2]
	at org.apache.maven.surefire.booter.ForkedBooter.runSuitesInProcess(ForkedBooter.java:345) ~[surefire-booter-2.22.2.jar:2.22.2]
	at org.apache.maven.surefire.booter.ForkedBooter.execute(ForkedBooter.java:126) ~[surefire-booter-2.22.2.jar:2.22.2]
	at org.apache.maven.surefire.booter.ForkedBooter.main(ForkedBooter.java:418) ~[surefire-booter-2.22.2.jar:2.22.2]
Caused by: java.lang.IllegalStateException: Failed to introspect Class [org.springframework.data.rest.webmvc.config.RepositoryRestMvcConfiguration] from ClassLoader [sun.misc.Launcher$AppClassLoader@1c7c054]
	at org.springframework.util.ReflectionUtils.getDeclaredMethods(ReflectionUtils.java:476) ~[spring-core-5.2.0.M2.jar:5.2.0.M2]
	at org.springframework.util.ReflectionUtils.doWithMethods(ReflectionUtils.java:354) ~[spring-core-5.2.0.M2.jar:5.2.0.M2]
	at org.springframework.util.ReflectionUtils.getUniqueDeclaredMethods(ReflectionUtils.java:410) ~[spring-core-5.2.0.M2.jar:5.2.0.M2]
	at org.springframework.beans.factory.support.AbstractAutowireCapableBeanFactory.lambda$getTypeForFactoryMethod$2(AbstractAutowireCapableBeanFactory.java:741) ~[spring-beans-5.2.0.M2.jar:5.2.0.M2]
	at java.util.concurrent.ConcurrentHashMap.computeIfAbsent(ConcurrentHashMap.java:1660) ~[na:1.8.0_172]
	at org.springframework.beans.factory.support.AbstractAutowireCapableBeanFactory.getTypeForFactoryMethod(AbstractAutowireCapableBeanFactory.java:740) ~[spring-beans-5.2.0.M2.jar:5.2.0.M2]
	at org.springframework.beans.factory.support.AbstractAutowireCapableBeanFactory.determineTargetType(AbstractAutowireCapableBeanFactory.java:679) ~[spring-beans-5.2.0.M2.jar:5.2.0.M2]
	at org.springframework.beans.factory.support.AbstractAutowireCapableBeanFactory.predictBeanType(AbstractAutowireCapableBeanFactory.java:647) ~[spring-beans-5.2.0.M2.jar:5.2.0.M2]
	at org.springframework.beans.factory.support.AbstractBeanFactory.isFactoryBean(AbstractBeanFactory.java:1518) ~[spring-beans-5.2.0.M2.jar:5.2.0.M2]
	at org.springframework.beans.factory.support.AbstractBeanFactory.isFactoryBean(AbstractBeanFactory.java:1023) ~[spring-beans-5.2.0.M2.jar:5.2.0.M2]
	at org.springframework.boot.autoconfigure.condition.BeanTypeRegistry.addBeanTypeForNonAliasDefinition(BeanTypeRegistry.java:197) ~[spring-boot-autoconfigure-2.2.0.M3.jar:2.2.0.M3]
	at org.springframework.boot.autoconfigure.condition.BeanTypeRegistry.addBeanTypeForNonAliasDefinition(BeanTypeRegistry.java:161) ~[spring-boot-autoconfigure-2.2.0.M3.jar:2.2.0.M3]
	at org.springframework.boot.autoconfigure.condition.BeanTypeRegistry.addBeanType(BeanTypeRegistry.java:154) ~[spring-boot-autoconfigure-2.2.0.M3.jar:2.2.0.M3]
	at org.springframework.boot.autoconfigure.condition.BeanTypeRegistry.updateTypesIfNecessary(BeanTypeRegistry.java:142) ~[spring-boot-autoconfigure-2.2.0.M3.jar:2.2.0.M3]
	at java.util.Iterator.forEachRemaining(Iterator.java:116) ~[na:1.8.0_172]
	at org.springframework.boot.autoconfigure.condition.BeanTypeRegistry.updateTypesIfNecessary(BeanTypeRegistry.java:137) ~[spring-boot-autoconfigure-2.2.0.M3.jar:2.2.0.M3]
	at org.springframework.boot.autoconfigure.condition.BeanTypeRegistry.getNamesForType(BeanTypeRegistry.java:97) ~[spring-boot-autoconfigure-2.2.0.M3.jar:2.2.0.M3]
	at org.springframework.boot.autoconfigure.condition.OnBeanCondition.collectBeanNamesForType(OnBeanCondition.java:298) ~[spring-boot-autoconfigure-2.2.0.M3.jar:2.2.0.M3]
	at org.springframework.boot.autoconfigure.condition.OnBeanCondition.getBeanNamesForType(OnBeanCondition.java:289) ~[spring-boot-autoconfigure-2.2.0.M3.jar:2.2.0.M3]
	at org.springframework.boot.autoconfigure.condition.OnBeanCondition.getBeanNamesForType(OnBeanCondition.java:278) ~[spring-boot-autoconfigure-2.2.0.M3.jar:2.2.0.M3]
	at org.springframework.boot.autoconfigure.condition.OnBeanCondition.getMatchingBeans(OnBeanCondition.java:189) ~[spring-boot-autoconfigure-2.2.0.M3.jar:2.2.0.M3]
	at org.springframework.boot.autoconfigure.condition.OnBeanCondition.getMatchOutcome(OnBeanCondition.java:160) ~[spring-boot-autoconfigure-2.2.0.M3.jar:2.2.0.M3]
	at org.springframework.boot.autoconfigure.condition.SpringBootCondition.matches(SpringBootCondition.java:47) ~[spring-boot-autoconfigure-2.2.0.M3.jar:2.2.0.M3]
	... 82 common frames omitted
Caused by: java.lang.NoClassDefFoundError: org/springframework/hateoas/server/mvc/UriComponentsContributor
	at java.lang.ClassLoader.defineClass1(Native Method) ~[na:1.8.0_172]
	at java.lang.ClassLoader.defineClass(ClassLoader.java:763) ~[na:1.8.0_172]
	at java.security.SecureClassLoader.defineClass(SecureClassLoader.java:142) ~[na:1.8.0_172]
	at java.net.URLClassLoader.defineClass(URLClassLoader.java:467) ~[na:1.8.0_172]
	at java.net.URLClassLoader.access$100(URLClassLoader.java:73) ~[na:1.8.0_172]
	at java.net.URLClassLoader$1.run(URLClassLoader.java:368) ~[na:1.8.0_172]
	at java.net.URLClassLoader$1.run(URLClassLoader.java:362) ~[na:1.8.0_172]
	at java.security.AccessController.doPrivileged(Native Method) ~[na:1.8.0_172]
	at java.net.URLClassLoader.findClass(URLClassLoader.java:361) ~[na:1.8.0_172]
	at java.lang.ClassLoader.loadClass(ClassLoader.java:424) ~[na:1.8.0_172]
	at sun.misc.Launcher$AppClassLoader.loadClass(Launcher.java:349) ~[na:1.8.0_172]
	at java.lang.ClassLoader.loadClass(ClassLoader.java:357) ~[na:1.8.0_172]
	at java.lang.Class.getDeclaredMethods0(Native Method) ~[na:1.8.0_172]
	at java.lang.Class.privateGetDeclaredMethods(Class.java:2701) ~[na:1.8.0_172]
	at java.lang.Class.getDeclaredMethods(Class.java:1975) ~[na:1.8.0_172]
	at org.springframework.util.ReflectionUtils.getDeclaredMethods(ReflectionUtils.java:458) ~[spring-core-5.2.0.M2.jar:5.2.0.M2]
	... 104 common frames omitted
Caused by: java.lang.ClassNotFoundException: org.springframework.hateoas.server.mvc.UriComponentsContributor
	at java.net.URLClassLoader.findClass(URLClassLoader.java:381) ~[na:1.8.0_172]
	at java.lang.ClassLoader.loadClass(ClassLoader.java:424) ~[na:1.8.0_172]
	at sun.misc.Launcher$AppClassLoader.loadClass(Launcher.java:349) ~[na:1.8.0_172]
	at java.lang.ClassLoader.loadClass(ClassLoader.java:357) ~[na:1.8.0_172]
	... 120 common frames omitted

2019-06-04 15:00:21.846  WARN 14808 --- [           main] o.s.boot.SpringApplication               : Unable to close ApplicationContext

java.lang.IllegalStateException: Failed to introspect Class [org.springframework.data.rest.webmvc.config.RepositoryRestMvcConfiguration] from ClassLoader [sun.misc.Launcher$AppClassLoader@1c7c054]
	at org.springframework.util.ReflectionUtils.getDeclaredMethods(ReflectionUtils.java:476) ~[spring-core-5.2.0.M2.jar:5.2.0.M2]
	at org.springframework.util.ReflectionUtils.doWithMethods(ReflectionUtils.java:354) ~[spring-core-5.2.0.M2.jar:5.2.0.M2]
	at org.springframework.util.ReflectionUtils.getUniqueDeclaredMethods(ReflectionUtils.java:410) ~[spring-core-5.2.0.M2.jar:5.2.0.M2]
	at org.springframework.beans.factory.support.AbstractAutowireCapableBeanFactory.lambda$getTypeForFactoryMethod$2(AbstractAutowireCapableBeanFactory.java:741) ~[spring-beans-5.2.0.M2.jar:5.2.0.M2]
	at java.util.concurrent.ConcurrentHashMap.computeIfAbsent(ConcurrentHashMap.java:1660) ~[na:1.8.0_172]
	at org.springframework.beans.factory.support.AbstractAutowireCapableBeanFactory.getTypeForFactoryMethod(AbstractAutowireCapableBeanFactory.java:740) ~[spring-beans-5.2.0.M2.jar:5.2.0.M2]
	at org.springframework.beans.factory.support.AbstractAutowireCapableBeanFactory.determineTargetType(AbstractAutowireCapableBeanFactory.java:679) ~[spring-beans-5.2.0.M2.jar:5.2.0.M2]
	at org.springframework.beans.factory.support.AbstractAutowireCapableBeanFactory.predictBeanType(AbstractAutowireCapableBeanFactory.java:647) ~[spring-beans-5.2.0.M2.jar:5.2.0.M2]
	at org.springframework.beans.factory.support.AbstractBeanFactory.isFactoryBean(AbstractBeanFactory.java:1518) ~[spring-beans-5.2.0.M2.jar:5.2.0.M2]
	at org.springframework.beans.factory.support.DefaultListableBeanFactory.doGetBeanNamesForType(DefaultListableBeanFactory.java:511) ~[spring-beans-5.2.0.M2.jar:5.2.0.M2]
	at org.springframework.beans.factory.support.DefaultListableBeanFactory.getBeanNamesForType(DefaultListableBeanFactory.java:481) ~[spring-beans-5.2.0.M2.jar:5.2.0.M2]
	at org.springframework.beans.factory.support.DefaultListableBeanFactory.getBeansOfType(DefaultListableBeanFactory.java:602) ~[spring-beans-5.2.0.M2.jar:5.2.0.M2]
	at org.springframework.beans.factory.support.DefaultListableBeanFactory.getBeansOfType(DefaultListableBeanFactory.java:594) ~[spring-beans-5.2.0.M2.jar:5.2.0.M2]
	at org.springframework.context.support.AbstractApplicationContext.getBeansOfType(AbstractApplicationContext.java:1226) ~[spring-context-5.2.0.M2.jar:5.2.0.M2]
	at org.springframework.boot.SpringApplication.getExitCodeFromMappedException(SpringApplication.java:912) [spring-boot-2.2.0.M3.jar:2.2.0.M3]
	at org.springframework.boot.SpringApplication.getExitCodeFromException(SpringApplication.java:898) [spring-boot-2.2.0.M3.jar:2.2.0.M3]
	at org.springframework.boot.SpringApplication.handleExitCode(SpringApplication.java:884) [spring-boot-2.2.0.M3.jar:2.2.0.M3]
	at org.springframework.boot.SpringApplication.handleRunFailure(SpringApplication.java:833) [spring-boot-2.2.0.M3.jar:2.2.0.M3]
	at org.springframework.boot.SpringApplication.run(SpringApplication.java:330) [spring-boot-2.2.0.M3.jar:2.2.0.M3]
	at org.springframework.boot.test.context.SpringBootContextLoader.loadContext(SpringBootContextLoader.java:132) [spring-boot-test-2.2.0.M3.jar:2.2.0.M3]
	at org.springframework.test.context.cache.DefaultCacheAwareContextLoaderDelegate.loadContextInternal(DefaultCacheAwareContextLoaderDelegate.java:99) [spring-test-5.2.0.M2.jar:5.2.0.M2]
	at org.springframework.test.context.cache.DefaultCacheAwareContextLoaderDelegate.loadContext(DefaultCacheAwareContextLoaderDelegate.java:124) [spring-test-5.2.0.M2.jar:5.2.0.M2]
	at org.springframework.test.context.support.DefaultTestContext.getApplicationContext(DefaultTestContext.java:122) [spring-test-5.2.0.M2.jar:5.2.0.M2]
	at org.springframework.test.context.web.ServletTestExecutionListener.setUpRequestContextIfNecessary(ServletTestExecutionListener.java:190) [spring-test-5.2.0.M2.jar:5.2.0.M2]
	at org.springframework.test.context.web.ServletTestExecutionListener.prepareTestInstance(ServletTestExecutionListener.java:132) [spring-test-5.2.0.M2.jar:5.2.0.M2]
	at org.springframework.test.context.TestContextManager.prepareTestInstance(TestContextManager.java:244) [spring-test-5.2.0.M2.jar:5.2.0.M2]
	at org.springframework.test.context.junit.jupiter.SpringExtension.postProcessTestInstance(SpringExtension.java:98) [spring-test-5.2.0.M2.jar:5.2.0.M2]
	at org.junit.jupiter.engine.descriptor.ClassTestDescriptor.lambda$invokeTestInstancePostProcessors$6(ClassTestDescriptor.java:352) [junit-jupiter-engine-5.4.2.jar:5.4.2]
	at org.junit.jupiter.engine.descriptor.JupiterTestDescriptor.executeAndMaskThrowable(JupiterTestDescriptor.java:204) ~[junit-jupiter-engine-5.4.2.jar:5.4.2]
	at org.junit.jupiter.engine.descriptor.ClassTestDescriptor.lambda$invokeTestInstancePostProcessors$7(ClassTestDescriptor.java:352) [junit-jupiter-engine-5.4.2.jar:5.4.2]
	at java.util.stream.ReferencePipeline$3$1.accept(ReferencePipeline.java:193) ~[na:1.8.0_172]
	at java.util.stream.ReferencePipeline$2$1.accept(ReferencePipeline.java:175) ~[na:1.8.0_172]
	at java.util.ArrayList$ArrayListSpliterator.forEachRemaining(ArrayList.java:1382) ~[na:1.8.0_172]
	at java.util.stream.AbstractPipeline.copyInto(AbstractPipeline.java:481) ~[na:1.8.0_172]
	at java.util.stream.AbstractPipeline.wrapAndCopyInto(AbstractPipeline.java:471) ~[na:1.8.0_172]
	at java.util.stream.StreamSpliterators$WrappingSpliterator.forEachRemaining(StreamSpliterators.java:312) ~[na:1.8.0_172]
	at java.util.stream.Streams$ConcatSpliterator.forEachRemaining(Streams.java:743) ~[na:1.8.0_172]
	at java.util.stream.Streams$ConcatSpliterator.forEachRemaining(Streams.java:742) ~[na:1.8.0_172]
	at java.util.stream.ReferencePipeline$Head.forEach(ReferencePipeline.java:580) ~[na:1.8.0_172]
	at org.junit.jupiter.engine.descriptor.ClassTestDescriptor.invokeTestInstancePostProcessors(ClassTestDescriptor.java:351) [junit-jupiter-engine-5.4.2.jar:5.4.2]
	at org.junit.jupiter.engine.descriptor.ClassTestDescriptor.instantiateAndPostProcessTestInstance(ClassTestDescriptor.java:270) [junit-jupiter-engine-5.4.2.jar:5.4.2]
	at org.junit.jupiter.engine.descriptor.ClassTestDescriptor.lambda$testInstancesProvider$2(ClassTestDescriptor.java:259) [junit-jupiter-engine-5.4.2.jar:5.4.2]
	at org.junit.jupiter.engine.descriptor.ClassTestDescriptor.lambda$testInstancesProvider$3(ClassTestDescriptor.java:263) [junit-jupiter-engine-5.4.2.jar:5.4.2]
	at java.util.Optional.orElseGet(Optional.java:267) ~[na:1.8.0_172]
	at org.junit.jupiter.engine.descriptor.ClassTestDescriptor.lambda$testInstancesProvider$4(ClassTestDescriptor.java:262) [junit-jupiter-engine-5.4.2.jar:5.4.2]
	at org.junit.jupiter.engine.descriptor.TestMethodTestDescriptor.lambda$prepare$0(TestMethodTestDescriptor.java:98) ~[junit-jupiter-engine-5.4.2.jar:5.4.2]
	at org.junit.platform.engine.support.hierarchical.ThrowableCollector.execute(ThrowableCollector.java:73) ~[junit-platform-engine-1.4.2.jar:1.4.2]
	at org.junit.jupiter.engine.descriptor.TestMethodTestDescriptor.prepare(TestMethodTestDescriptor.java:97) ~[junit-jupiter-engine-5.4.2.jar:5.4.2]
	at org.junit.jupiter.engine.descriptor.TestMethodTestDescriptor.prepare(TestMethodTestDescriptor.java:68) ~[junit-jupiter-engine-5.4.2.jar:5.4.2]
	at org.junit.platform.engine.support.hierarchical.NodeTestTask.lambda$prepare$1(NodeTestTask.java:107) ~[junit-platform-engine-1.4.2.jar:1.4.2]
	at org.junit.platform.engine.support.hierarchical.ThrowableCollector.execute(ThrowableCollector.java:73) ~[junit-platform-engine-1.4.2.jar:1.4.2]
	at org.junit.platform.engine.support.hierarchical.NodeTestTask.prepare(NodeTestTask.java:107) ~[junit-platform-engine-1.4.2.jar:1.4.2]
	at org.junit.platform.engine.support.hierarchical.NodeTestTask.execute(NodeTestTask.java:75) ~[junit-platform-engine-1.4.2.jar:1.4.2]
	at java.util.ArrayList.forEach(ArrayList.java:1257) ~[na:1.8.0_172]
	at org.junit.platform.engine.support.hierarchical.SameThreadHierarchicalTestExecutorService.invokeAll(SameThreadHierarchicalTestExecutorService.java:38) ~[junit-platform-engine-1.4.2.jar:1.4.2]
	at org.junit.platform.engine.support.hierarchical.NodeTestTask.lambda$executeRecursively$5(NodeTestTask.java:139) ~[junit-platform-engine-1.4.2.jar:1.4.2]
	at org.junit.platform.engine.support.hierarchical.ThrowableCollector.execute(ThrowableCollector.java:73) ~[junit-platform-engine-1.4.2.jar:1.4.2]
	at org.junit.platform.engine.support.hierarchical.NodeTestTask.lambda$executeRecursively$7(NodeTestTask.java:125) ~[junit-platform-engine-1.4.2.jar:1.4.2]
	at org.junit.platform.engine.support.hierarchical.Node.around(Node.java:135) ~[junit-platform-engine-1.4.2.jar:1.4.2]
	at org.junit.platform.engine.support.hierarchical.NodeTestTask.lambda$executeRecursively$8(NodeTestTask.java:123) ~[junit-platform-engine-1.4.2.jar:1.4.2]
	at org.junit.platform.engine.support.hierarchical.ThrowableCollector.execute(ThrowableCollector.java:73) ~[junit-platform-engine-1.4.2.jar:1.4.2]
	at org.junit.platform.engine.support.hierarchical.NodeTestTask.executeRecursively(NodeTestTask.java:122) ~[junit-platform-engine-1.4.2.jar:1.4.2]
	at org.junit.platform.engine.support.hierarchical.NodeTestTask.execute(NodeTestTask.java:80) ~[junit-platform-engine-1.4.2.jar:1.4.2]
	at java.util.ArrayList.forEach(ArrayList.java:1257) ~[na:1.8.0_172]
	at org.junit.platform.engine.support.hierarchical.SameThreadHierarchicalTestExecutorService.invokeAll(SameThreadHierarchicalTestExecutorService.java:38) ~[junit-platform-engine-1.4.2.jar:1.4.2]
	at org.junit.platform.engine.support.hierarchical.NodeTestTask.lambda$executeRecursively$5(NodeTestTask.java:139) ~[junit-platform-engine-1.4.2.jar:1.4.2]
	at org.junit.platform.engine.support.hierarchical.ThrowableCollector.execute(ThrowableCollector.java:73) ~[junit-platform-engine-1.4.2.jar:1.4.2]
	at org.junit.platform.engine.support.hierarchical.NodeTestTask.lambda$executeRecursively$7(NodeTestTask.java:125) ~[junit-platform-engine-1.4.2.jar:1.4.2]
	at org.junit.platform.engine.support.hierarchical.Node.around(Node.java:135) ~[junit-platform-engine-1.4.2.jar:1.4.2]
	at org.junit.platform.engine.support.hierarchical.NodeTestTask.lambda$executeRecursively$8(NodeTestTask.java:123) ~[junit-platform-engine-1.4.2.jar:1.4.2]
	at org.junit.platform.engine.support.hierarchical.ThrowableCollector.execute(ThrowableCollector.java:73) ~[junit-platform-engine-1.4.2.jar:1.4.2]
	at org.junit.platform.engine.support.hierarchical.NodeTestTask.executeRecursively(NodeTestTask.java:122) ~[junit-platform-engine-1.4.2.jar:1.4.2]
	at org.junit.platform.engine.support.hierarchical.NodeTestTask.execute(NodeTestTask.java:80) ~[junit-platform-engine-1.4.2.jar:1.4.2]
	at org.junit.platform.engine.support.hierarchical.SameThreadHierarchicalTestExecutorService.submit(SameThreadHierarchicalTestExecutorService.java:32) ~[junit-platform-engine-1.4.2.jar:1.4.2]
	at org.junit.platform.engine.support.hierarchical.HierarchicalTestExecutor.execute(HierarchicalTestExecutor.java:57) ~[junit-platform-engine-1.4.2.jar:1.4.2]
	at org.junit.platform.engine.support.hierarchical.HierarchicalTestEngine.execute(HierarchicalTestEngine.java:51) ~[junit-platform-engine-1.4.2.jar:1.4.2]
	at org.junit.platform.launcher.core.DefaultLauncher.execute(DefaultLauncher.java:220) ~[junit-platform-launcher-1.3.1.jar:1.3.1]
	at org.junit.platform.launcher.core.DefaultLauncher.lambda$execute$6(DefaultLauncher.java:188) ~[junit-platform-launcher-1.3.1.jar:1.3.1]
	at org.junit.platform.launcher.core.DefaultLauncher.withInterceptedStreams(DefaultLauncher.java:202) ~[junit-platform-launcher-1.3.1.jar:1.3.1]
	at org.junit.platform.launcher.core.DefaultLauncher.execute(DefaultLauncher.java:181) ~[junit-platform-launcher-1.3.1.jar:1.3.1]
	at org.junit.platform.launcher.core.DefaultLauncher.execute(DefaultLauncher.java:128) ~[junit-platform-launcher-1.3.1.jar:1.3.1]
	at org.apache.maven.surefire.junitplatform.JUnitPlatformProvider.invokeAllTests(JUnitPlatformProvider.java:150) ~[surefire-junit-platform-2.22.2.jar:2.22.2]
	at org.apache.maven.surefire.junitplatform.JUnitPlatformProvider.invoke(JUnitPlatformProvider.java:124) ~[surefire-junit-platform-2.22.2.jar:2.22.2]
	at org.apache.maven.surefire.booter.ForkedBooter.invokeProviderInSameClassLoader(ForkedBooter.java:384) ~[surefire-booter-2.22.2.jar:2.22.2]
	at org.apache.maven.surefire.booter.ForkedBooter.runSuitesInProcess(ForkedBooter.java:345) ~[surefire-booter-2.22.2.jar:2.22.2]
	at org.apache.maven.surefire.booter.ForkedBooter.execute(ForkedBooter.java:126) ~[surefire-booter-2.22.2.jar:2.22.2]
	at org.apache.maven.surefire.booter.ForkedBooter.main(ForkedBooter.java:418) ~[surefire-booter-2.22.2.jar:2.22.2]
Caused by: java.lang.NoClassDefFoundError: org/springframework/hateoas/server/mvc/UriComponentsContributor
	at java.lang.ClassLoader.defineClass1(Native Method) ~[na:1.8.0_172]
	at java.lang.ClassLoader.defineClass(ClassLoader.java:763) ~[na:1.8.0_172]
	at java.security.SecureClassLoader.defineClass(SecureClassLoader.java:142) ~[na:1.8.0_172]
	at java.net.URLClassLoader.defineClass(URLClassLoader.java:467) ~[na:1.8.0_172]
	at java.net.URLClassLoader.access$100(URLClassLoader.java:73) ~[na:1.8.0_172]
	at java.net.URLClassLoader$1.run(URLClassLoader.java:368) ~[na:1.8.0_172]
	at java.net.URLClassLoader$1.run(URLClassLoader.java:362) ~[na:1.8.0_172]
	at java.security.AccessController.doPrivileged(Native Method) ~[na:1.8.0_172]
	at java.net.URLClassLoader.findClass(URLClassLoader.java:361) ~[na:1.8.0_172]
	at java.lang.ClassLoader.loadClass(ClassLoader.java:424) ~[na:1.8.0_172]
	at sun.misc.Launcher$AppClassLoader.loadClass(Launcher.java:349) ~[na:1.8.0_172]
	at java.lang.ClassLoader.loadClass(ClassLoader.java:357) ~[na:1.8.0_172]
	at java.lang.Class.getDeclaredMethods0(Native Method) ~[na:1.8.0_172]
	at java.lang.Class.privateGetDeclaredMethods(Class.java:2701) ~[na:1.8.0_172]
	at java.lang.Class.getDeclaredMethods(Class.java:1975) ~[na:1.8.0_172]
	at org.springframework.util.ReflectionUtils.getDeclaredMethods(ReflectionUtils.java:458) ~[spring-core-5.2.0.M2.jar:5.2.0.M2]
	... 86 common frames omitted
Caused by: java.lang.ClassNotFoundException: org.springframework.hateoas.server.mvc.UriComponentsContributor
	at java.net.URLClassLoader.findClass(URLClassLoader.java:381) ~[na:1.8.0_172]
	at java.lang.ClassLoader.loadClass(ClassLoader.java:424) ~[na:1.8.0_172]
	at sun.misc.Launcher$AppClassLoader.loadClass(Launcher.java:349) ~[na:1.8.0_172]
	at java.lang.ClassLoader.loadClass(ClassLoader.java:357) ~[na:1.8.0_172]
	... 102 common frames omitted

2019-06-04 15:00:21.851 ERROR 14808 --- [           main] o.s.test.context.TestContextManager      : Caught exception while allowing TestExecutionListener [org.springframework.test.context.web.ServletTestExecutionListener@1fe15ff] to prepare test instance [com.example.demo.DemoApplicationTests@2b8438]

java.lang.IllegalStateException: Failed to load ApplicationContext
	at org.springframework.test.context.cache.DefaultCacheAwareContextLoaderDelegate.loadContext(DefaultCacheAwareContextLoaderDelegate.java:132) ~[spring-test-5.2.0.M2.jar:5.2.0.M2]
	at org.springframework.test.context.support.DefaultTestContext.getApplicationContext(DefaultTestContext.java:122) ~[spring-test-5.2.0.M2.jar:5.2.0.M2]
	at org.springframework.test.context.web.ServletTestExecutionListener.setUpRequestContextIfNecessary(ServletTestExecutionListener.java:190) ~[spring-test-5.2.0.M2.jar:5.2.0.M2]
	at org.springframework.test.context.web.ServletTestExecutionListener.prepareTestInstance(ServletTestExecutionListener.java:132) ~[spring-test-5.2.0.M2.jar:5.2.0.M2]
	at org.springframework.test.context.TestContextManager.prepareTestInstance(TestContextManager.java:244) ~[spring-test-5.2.0.M2.jar:5.2.0.M2]
	at org.springframework.test.context.junit.jupiter.SpringExtension.postProcessTestInstance(SpringExtension.java:98) [spring-test-5.2.0.M2.jar:5.2.0.M2]
	at org.junit.jupiter.engine.descriptor.ClassTestDescriptor.lambda$invokeTestInstancePostProcessors$6(ClassTestDescriptor.java:352) [junit-jupiter-engine-5.4.2.jar:5.4.2]
	at org.junit.jupiter.engine.descriptor.JupiterTestDescriptor.executeAndMaskThrowable(JupiterTestDescriptor.java:204) ~[junit-jupiter-engine-5.4.2.jar:5.4.2]
	at org.junit.jupiter.engine.descriptor.ClassTestDescriptor.lambda$invokeTestInstancePostProcessors$7(ClassTestDescriptor.java:352) [junit-jupiter-engine-5.4.2.jar:5.4.2]
	at java.util.stream.ReferencePipeline$3$1.accept(ReferencePipeline.java:193) ~[na:1.8.0_172]
	at java.util.stream.ReferencePipeline$2$1.accept(ReferencePipeline.java:175) ~[na:1.8.0_172]
	at java.util.ArrayList$ArrayListSpliterator.forEachRemaining(ArrayList.java:1382) ~[na:1.8.0_172]
	at java.util.stream.AbstractPipeline.copyInto(AbstractPipeline.java:481) ~[na:1.8.0_172]
	at java.util.stream.AbstractPipeline.wrapAndCopyInto(AbstractPipeline.java:471) ~[na:1.8.0_172]
	at java.util.stream.StreamSpliterators$WrappingSpliterator.forEachRemaining(StreamSpliterators.java:312) ~[na:1.8.0_172]
	at java.util.stream.Streams$ConcatSpliterator.forEachRemaining(Streams.java:743) ~[na:1.8.0_172]
	at java.util.stream.Streams$ConcatSpliterator.forEachRemaining(Streams.java:742) ~[na:1.8.0_172]
	at java.util.stream.ReferencePipeline$Head.forEach(ReferencePipeline.java:580) ~[na:1.8.0_172]
	at org.junit.jupiter.engine.descriptor.ClassTestDescriptor.invokeTestInstancePostProcessors(ClassTestDescriptor.java:351) [junit-jupiter-engine-5.4.2.jar:5.4.2]
	at org.junit.jupiter.engine.descriptor.ClassTestDescriptor.instantiateAndPostProcessTestInstance(ClassTestDescriptor.java:270) [junit-jupiter-engine-5.4.2.jar:5.4.2]
	at org.junit.jupiter.engine.descriptor.ClassTestDescriptor.lambda$testInstancesProvider$2(ClassTestDescriptor.java:259) [junit-jupiter-engine-5.4.2.jar:5.4.2]
	at org.junit.jupiter.engine.descriptor.ClassTestDescriptor.lambda$testInstancesProvider$3(ClassTestDescriptor.java:263) [junit-jupiter-engine-5.4.2.jar:5.4.2]
	at java.util.Optional.orElseGet(Optional.java:267) ~[na:1.8.0_172]
	at org.junit.jupiter.engine.descriptor.ClassTestDescriptor.lambda$testInstancesProvider$4(ClassTestDescriptor.java:262) [junit-jupiter-engine-5.4.2.jar:5.4.2]
	at org.junit.jupiter.engine.descriptor.TestMethodTestDescriptor.lambda$prepare$0(TestMethodTestDescriptor.java:98) ~[junit-jupiter-engine-5.4.2.jar:5.4.2]
	at org.junit.platform.engine.support.hierarchical.ThrowableCollector.execute(ThrowableCollector.java:73) ~[junit-platform-engine-1.4.2.jar:1.4.2]
	at org.junit.jupiter.engine.descriptor.TestMethodTestDescriptor.prepare(TestMethodTestDescriptor.java:97) ~[junit-jupiter-engine-5.4.2.jar:5.4.2]
	at org.junit.jupiter.engine.descriptor.TestMethodTestDescriptor.prepare(TestMethodTestDescriptor.java:68) ~[junit-jupiter-engine-5.4.2.jar:5.4.2]
	at org.junit.platform.engine.support.hierarchical.NodeTestTask.lambda$prepare$1(NodeTestTask.java:107) ~[junit-platform-engine-1.4.2.jar:1.4.2]
	at org.junit.platform.engine.support.hierarchical.ThrowableCollector.execute(ThrowableCollector.java:73) ~[junit-platform-engine-1.4.2.jar:1.4.2]
	at org.junit.platform.engine.support.hierarchical.NodeTestTask.prepare(NodeTestTask.java:107) ~[junit-platform-engine-1.4.2.jar:1.4.2]
	at org.junit.platform.engine.support.hierarchical.NodeTestTask.execute(NodeTestTask.java:75) ~[junit-platform-engine-1.4.2.jar:1.4.2]
	at java.util.ArrayList.forEach(ArrayList.java:1257) ~[na:1.8.0_172]
	at org.junit.platform.engine.support.hierarchical.SameThreadHierarchicalTestExecutorService.invokeAll(SameThreadHierarchicalTestExecutorService.java:38) ~[junit-platform-engine-1.4.2.jar:1.4.2]
	at org.junit.platform.engine.support.hierarchical.NodeTestTask.lambda$executeRecursively$5(NodeTestTask.java:139) ~[junit-platform-engine-1.4.2.jar:1.4.2]
	at org.junit.platform.engine.support.hierarchical.ThrowableCollector.execute(ThrowableCollector.java:73) ~[junit-platform-engine-1.4.2.jar:1.4.2]
	at org.junit.platform.engine.support.hierarchical.NodeTestTask.lambda$executeRecursively$7(NodeTestTask.java:125) ~[junit-platform-engine-1.4.2.jar:1.4.2]
	at org.junit.platform.engine.support.hierarchical.Node.around(Node.java:135) ~[junit-platform-engine-1.4.2.jar:1.4.2]
	at org.junit.platform.engine.support.hierarchical.NodeTestTask.lambda$executeRecursively$8(NodeTestTask.java:123) ~[junit-platform-engine-1.4.2.jar:1.4.2]
	at org.junit.platform.engine.support.hierarchical.ThrowableCollector.execute(ThrowableCollector.java:73) ~[junit-platform-engine-1.4.2.jar:1.4.2]
	at org.junit.platform.engine.support.hierarchical.NodeTestTask.executeRecursively(NodeTestTask.java:122) ~[junit-platform-engine-1.4.2.jar:1.4.2]
	at org.junit.platform.engine.support.hierarchical.NodeTestTask.execute(NodeTestTask.java:80) ~[junit-platform-engine-1.4.2.jar:1.4.2]
	at java.util.ArrayList.forEach(ArrayList.java:1257) ~[na:1.8.0_172]
	at org.junit.platform.engine.support.hierarchical.SameThreadHierarchicalTestExecutorService.invokeAll(SameThreadHierarchicalTestExecutorService.java:38) ~[junit-platform-engine-1.4.2.jar:1.4.2]
	at org.junit.platform.engine.support.hierarchical.NodeTestTask.lambda$executeRecursively$5(NodeTestTask.java:139) ~[junit-platform-engine-1.4.2.jar:1.4.2]
	at org.junit.platform.engine.support.hierarchical.ThrowableCollector.execute(ThrowableCollector.java:73) ~[junit-platform-engine-1.4.2.jar:1.4.2]
	at org.junit.platform.engine.support.hierarchical.NodeTestTask.lambda$executeRecursively$7(NodeTestTask.java:125) ~[junit-platform-engine-1.4.2.jar:1.4.2]
	at org.junit.platform.engine.support.hierarchical.Node.around(Node.java:135) ~[junit-platform-engine-1.4.2.jar:1.4.2]
	at org.junit.platform.engine.support.hierarchical.NodeTestTask.lambda$executeRecursively$8(NodeTestTask.java:123) ~[junit-platform-engine-1.4.2.jar:1.4.2]
	at org.junit.platform.engine.support.hierarchical.ThrowableCollector.execute(ThrowableCollector.java:73) ~[junit-platform-engine-1.4.2.jar:1.4.2]
	at org.junit.platform.engine.support.hierarchical.NodeTestTask.executeRecursively(NodeTestTask.java:122) ~[junit-platform-engine-1.4.2.jar:1.4.2]
	at org.junit.platform.engine.support.hierarchical.NodeTestTask.execute(NodeTestTask.java:80) ~[junit-platform-engine-1.4.2.jar:1.4.2]
	at org.junit.platform.engine.support.hierarchical.SameThreadHierarchicalTestExecutorService.submit(SameThreadHierarchicalTestExecutorService.java:32) ~[junit-platform-engine-1.4.2.jar:1.4.2]
	at org.junit.platform.engine.support.hierarchical.HierarchicalTestExecutor.execute(HierarchicalTestExecutor.java:57) ~[junit-platform-engine-1.4.2.jar:1.4.2]
	at org.junit.platform.engine.support.hierarchical.HierarchicalTestEngine.execute(HierarchicalTestEngine.java:51) ~[junit-platform-engine-1.4.2.jar:1.4.2]
	at org.junit.platform.launcher.core.DefaultLauncher.execute(DefaultLauncher.java:220) ~[junit-platform-launcher-1.3.1.jar:1.3.1]
	at org.junit.platform.launcher.core.DefaultLauncher.lambda$execute$6(DefaultLauncher.java:188) ~[junit-platform-launcher-1.3.1.jar:1.3.1]
	at org.junit.platform.launcher.core.DefaultLauncher.withInterceptedStreams(DefaultLauncher.java:202) ~[junit-platform-launcher-1.3.1.jar:1.3.1]
	at org.junit.platform.launcher.core.DefaultLauncher.execute(DefaultLauncher.java:181) ~[junit-platform-launcher-1.3.1.jar:1.3.1]
	at org.junit.platform.launcher.core.DefaultLauncher.execute(DefaultLauncher.java:128) ~[junit-platform-launcher-1.3.1.jar:1.3.1]
	at org.apache.maven.surefire.junitplatform.JUnitPlatformProvider.invokeAllTests(JUnitPlatformProvider.java:150) ~[surefire-junit-platform-2.22.2.jar:2.22.2]
	at org.apache.maven.surefire.junitplatform.JUnitPlatformProvider.invoke(JUnitPlatformProvider.java:124) ~[surefire-junit-platform-2.22.2.jar:2.22.2]
	at org.apache.maven.surefire.booter.ForkedBooter.invokeProviderInSameClassLoader(ForkedBooter.java:384) ~[surefire-booter-2.22.2.jar:2.22.2]
	at org.apache.maven.surefire.booter.ForkedBooter.runSuitesInProcess(ForkedBooter.java:345) ~[surefire-booter-2.22.2.jar:2.22.2]
	at org.apache.maven.surefire.booter.ForkedBooter.execute(ForkedBooter.java:126) ~[surefire-booter-2.22.2.jar:2.22.2]
	at org.apache.maven.surefire.booter.ForkedBooter.main(ForkedBooter.java:418) ~[surefire-booter-2.22.2.jar:2.22.2]
Caused by: java.lang.IllegalStateException: Error processing condition on org.springframework.boot.autoconfigure.data.web.SpringDataWebAutoConfiguration
	at org.springframework.boot.autoconfigure.condition.SpringBootCondition.matches(SpringBootCondition.java:64) ~[spring-boot-autoconfigure-2.2.0.M3.jar:2.2.0.M3]
	at org.springframework.context.annotation.ConditionEvaluator.shouldSkip(ConditionEvaluator.java:108) ~[spring-context-5.2.0.M2.jar:5.2.0.M2]
	at org.springframework.context.annotation.ConfigurationClassBeanDefinitionReader$TrackedConditionEvaluator.shouldSkip(ConfigurationClassBeanDefinitionReader.java:469) ~[spring-context-5.2.0.M2.jar:5.2.0.M2]
	at org.springframework.context.annotation.ConfigurationClassBeanDefinitionReader$TrackedConditionEvaluator.shouldSkip(ConfigurationClassBeanDefinitionReader.java:458) ~[spring-context-5.2.0.M2.jar:5.2.0.M2]
	at org.springframework.context.annotation.ConfigurationClassBeanDefinitionReader.loadBeanDefinitionsForConfigurationClass(ConfigurationClassBeanDefinitionReader.java:131) ~[spring-context-5.2.0.M2.jar:5.2.0.M2]
	at org.springframework.context.annotation.ConfigurationClassBeanDefinitionReader.loadBeanDefinitions(ConfigurationClassBeanDefinitionReader.java:120) ~[spring-context-5.2.0.M2.jar:5.2.0.M2]
	at org.springframework.context.annotation.ConfigurationClassPostProcessor.processConfigBeanDefinitions(ConfigurationClassPostProcessor.java:337) ~[spring-context-5.2.0.M2.jar:5.2.0.M2]
	at org.springframework.context.annotation.ConfigurationClassPostProcessor.postProcessBeanDefinitionRegistry(ConfigurationClassPostProcessor.java:242) ~[spring-context-5.2.0.M2.jar:5.2.0.M2]
	at org.springframework.context.support.PostProcessorRegistrationDelegate.invokeBeanDefinitionRegistryPostProcessors(PostProcessorRegistrationDelegate.java:275) ~[spring-context-5.2.0.M2.jar:5.2.0.M2]
	at org.springframework.context.support.PostProcessorRegistrationDelegate.invokeBeanFactoryPostProcessors(PostProcessorRegistrationDelegate.java:95) ~[spring-context-5.2.0.M2.jar:5.2.0.M2]
	at org.springframework.context.support.AbstractApplicationContext.invokeBeanFactoryPostProcessors(AbstractApplicationContext.java:705) ~[spring-context-5.2.0.M2.jar:5.2.0.M2]
	at org.springframework.context.support.AbstractApplicationContext.refresh(AbstractApplicationContext.java:531) ~[spring-context-5.2.0.M2.jar:5.2.0.M2]
	at org.springframework.boot.SpringApplication.refresh(SpringApplication.java:782) ~[spring-boot-2.2.0.M3.jar:2.2.0.M3]
	at org.springframework.boot.SpringApplication.refreshContext(SpringApplication.java:404) ~[spring-boot-2.2.0.M3.jar:2.2.0.M3]
	at org.springframework.boot.SpringApplication.run(SpringApplication.java:319) ~[spring-boot-2.2.0.M3.jar:2.2.0.M3]
	at org.springframework.boot.test.context.SpringBootContextLoader.loadContext(SpringBootContextLoader.java:132) ~[spring-boot-test-2.2.0.M3.jar:2.2.0.M3]
	at org.springframework.test.context.cache.DefaultCacheAwareContextLoaderDelegate.loadContextInternal(DefaultCacheAwareContextLoaderDelegate.java:99) ~[spring-test-5.2.0.M2.jar:5.2.0.M2]
	at org.springframework.test.context.cache.DefaultCacheAwareContextLoaderDelegate.loadContext(DefaultCacheAwareContextLoaderDelegate.java:124) ~[spring-test-5.2.0.M2.jar:5.2.0.M2]
	... 65 common frames omitted
Caused by: java.lang.IllegalStateException: Failed to introspect Class [org.springframework.data.rest.webmvc.config.RepositoryRestMvcConfiguration] from ClassLoader [sun.misc.Launcher$AppClassLoader@1c7c054]
	at org.springframework.util.ReflectionUtils.getDeclaredMethods(ReflectionUtils.java:476) ~[spring-core-5.2.0.M2.jar:5.2.0.M2]
	at org.springframework.util.ReflectionUtils.doWithMethods(ReflectionUtils.java:354) ~[spring-core-5.2.0.M2.jar:5.2.0.M2]
	at org.springframework.util.ReflectionUtils.getUniqueDeclaredMethods(ReflectionUtils.java:410) ~[spring-core-5.2.0.M2.jar:5.2.0.M2]
	at org.springframework.beans.factory.support.AbstractAutowireCapableBeanFactory.lambda$getTypeForFactoryMethod$2(AbstractAutowireCapableBeanFactory.java:741) ~[spring-beans-5.2.0.M2.jar:5.2.0.M2]
	at java.util.concurrent.ConcurrentHashMap.computeIfAbsent(ConcurrentHashMap.java:1660) ~[na:1.8.0_172]
	at org.springframework.beans.factory.support.AbstractAutowireCapableBeanFactory.getTypeForFactoryMethod(AbstractAutowireCapableBeanFactory.java:740) ~[spring-beans-5.2.0.M2.jar:5.2.0.M2]
	at org.springframework.beans.factory.support.AbstractAutowireCapableBeanFactory.determineTargetType(AbstractAutowireCapableBeanFactory.java:679) ~[spring-beans-5.2.0.M2.jar:5.2.0.M2]
	at org.springframework.beans.factory.support.AbstractAutowireCapableBeanFactory.predictBeanType(AbstractAutowireCapableBeanFactory.java:647) ~[spring-beans-5.2.0.M2.jar:5.2.0.M2]
	at org.springframework.beans.factory.support.AbstractBeanFactory.isFactoryBean(AbstractBeanFactory.java:1518) ~[spring-beans-5.2.0.M2.jar:5.2.0.M2]
	at org.springframework.beans.factory.support.AbstractBeanFactory.isFactoryBean(AbstractBeanFactory.java:1023) ~[spring-beans-5.2.0.M2.jar:5.2.0.M2]
	at org.springframework.boot.autoconfigure.condition.BeanTypeRegistry.addBeanTypeForNonAliasDefinition(BeanTypeRegistry.java:197) ~[spring-boot-autoconfigure-2.2.0.M3.jar:2.2.0.M3]
	at org.springframework.boot.autoconfigure.condition.BeanTypeRegistry.addBeanTypeForNonAliasDefinition(BeanTypeRegistry.java:161) ~[spring-boot-autoconfigure-2.2.0.M3.jar:2.2.0.M3]
	at org.springframework.boot.autoconfigure.condition.BeanTypeRegistry.addBeanType(BeanTypeRegistry.java:154) ~[spring-boot-autoconfigure-2.2.0.M3.jar:2.2.0.M3]
	at org.springframework.boot.autoconfigure.condition.BeanTypeRegistry.updateTypesIfNecessary(BeanTypeRegistry.java:142) ~[spring-boot-autoconfigure-2.2.0.M3.jar:2.2.0.M3]
	at java.util.Iterator.forEachRemaining(Iterator.java:116) ~[na:1.8.0_172]
	at org.springframework.boot.autoconfigure.condition.BeanTypeRegistry.updateTypesIfNecessary(BeanTypeRegistry.java:137) ~[spring-boot-autoconfigure-2.2.0.M3.jar:2.2.0.M3]
	at org.springframework.boot.autoconfigure.condition.BeanTypeRegistry.getNamesForType(BeanTypeRegistry.java:97) ~[spring-boot-autoconfigure-2.2.0.M3.jar:2.2.0.M3]
	at org.springframework.boot.autoconfigure.condition.OnBeanCondition.collectBeanNamesForType(OnBeanCondition.java:298) ~[spring-boot-autoconfigure-2.2.0.M3.jar:2.2.0.M3]
	at org.springframework.boot.autoconfigure.condition.OnBeanCondition.getBeanNamesForType(OnBeanCondition.java:289) ~[spring-boot-autoconfigure-2.2.0.M3.jar:2.2.0.M3]
	at org.springframework.boot.autoconfigure.condition.OnBeanCondition.getBeanNamesForType(OnBeanCondition.java:278) ~[spring-boot-autoconfigure-2.2.0.M3.jar:2.2.0.M3]
	at org.springframework.boot.autoconfigure.condition.OnBeanCondition.getMatchingBeans(OnBeanCondition.java:189) ~[spring-boot-autoconfigure-2.2.0.M3.jar:2.2.0.M3]
	at org.springframework.boot.autoconfigure.condition.OnBeanCondition.getMatchOutcome(OnBeanCondition.java:160) ~[spring-boot-autoconfigure-2.2.0.M3.jar:2.2.0.M3]
	at org.springframework.boot.autoconfigure.condition.SpringBootCondition.matches(SpringBootCondition.java:47) ~[spring-boot-autoconfigure-2.2.0.M3.jar:2.2.0.M3]
	... 82 common frames omitted
Caused by: java.lang.NoClassDefFoundError: org/springframework/hateoas/server/mvc/UriComponentsContributor
	at java.lang.ClassLoader.defineClass1(Native Method) ~[na:1.8.0_172]
	at java.lang.ClassLoader.defineClass(ClassLoader.java:763) ~[na:1.8.0_172]
	at java.security.SecureClassLoader.defineClass(SecureClassLoader.java:142) ~[na:1.8.0_172]
	at java.net.URLClassLoader.defineClass(URLClassLoader.java:467) ~[na:1.8.0_172]
	at java.net.URLClassLoader.access$100(URLClassLoader.java:73) ~[na:1.8.0_172]
	at java.net.URLClassLoader$1.run(URLClassLoader.java:368) ~[na:1.8.0_172]
	at java.net.URLClassLoader$1.run(URLClassLoader.java:362) ~[na:1.8.0_172]
	at java.security.AccessController.doPrivileged(Native Method) ~[na:1.8.0_172]
	at java.net.URLClassLoader.findClass(URLClassLoader.java:361) ~[na:1.8.0_172]
	at java.lang.ClassLoader.loadClass(ClassLoader.java:424) ~[na:1.8.0_172]
	at sun.misc.Launcher$AppClassLoader.loadClass(Launcher.java:349) ~[na:1.8.0_172]
	at java.lang.ClassLoader.loadClass(ClassLoader.java:357) ~[na:1.8.0_172]
	at java.lang.Class.getDeclaredMethods0(Native Method) ~[na:1.8.0_172]
	at java.lang.Class.privateGetDeclaredMethods(Class.java:2701) ~[na:1.8.0_172]
	at java.lang.Class.getDeclaredMethods(Class.java:1975) ~[na:1.8.0_172]
	at org.springframework.util.ReflectionUtils.getDeclaredMethods(ReflectionUtils.java:458) ~[spring-core-5.2.0.M2.jar:5.2.0.M2]
	... 104 common frames omitted
Caused by: java.lang.ClassNotFoundException: org.springframework.hateoas.server.mvc.UriComponentsContributor
	at java.net.URLClassLoader.findClass(URLClassLoader.java:381) ~[na:1.8.0_172]
	at java.lang.ClassLoader.loadClass(ClassLoader.java:424) ~[na:1.8.0_172]
	at sun.misc.Launcher$AppClassLoader.loadClass(Launcher.java:349) ~[na:1.8.0_172]
	at java.lang.ClassLoader.loadClass(ClassLoader.java:357) ~[na:1.8.0_172]
	... 120 common frames omitted

]]></system-out>
  </testcase>
</testsuite>